   Compiling num-traits v0.2.19
   Compiling byteorder-lite v0.1.0
   Compiling p256 v0.13.2
error[E0463]: can't find crate for `std`
  --> /home/zzh/.cargo/registry/src/mirrors.aliyun.com-0671735e7cc7f5e7/num-traits-0.2.19/src/lib.rs:23:1
   |
23 | extern crate std;
   | ^^^^^^^^^^^^^^^^^ can't find crate
   |
   = note: the `riscv32imac-unknown-none-elf` target may not support the standard library

error[E0463]: can't find crate for `std`
  |
  = note: the `riscv32imac-unknown-none-elf` target may not support the standard library
  = note: `std` is required by `byteorder_lite` because it does not declare `#![no_std]`

error: cannot resolve a prelude import

error[E0463]: can't find crate for `std`
 --> /home/zzh/.cargo/registry/src/mirrors.aliyun.com-0671735e7cc7f5e7/byteorder-lite-0.1.0/src/io.rs:1:5
  |
1 | use std::io::{self, Result};
  |     ^^^ can't find crate
  |
  = note: the `riscv32imac-unknown-none-elf` target may not support the standard library

error: cannot find macro `assert_eq` in this scope
    --> /home/zzh/.cargo/registry/src/mirrors.aliyun.com-0671735e7cc7f5e7/byteorder-lite-0.1.0/src/lib.rs:1336:9
     |
1336 |         assert_eq!(src.len(), dst.len());
     |         ^^^^^^^^^
     |
help: consider importing this macro
     |
  76 + use core::assert_eq;
     |

error: cannot find attribute `derive` in this scope
    --> /home/zzh/.cargo/registry/src/mirrors.aliyun.com-0671735e7cc7f5e7/byteorder-lite-0.1.0/src/lib.rs:1665:3
     |
1665 | #[derive(Clone, Copy, Debug, Eq, Hash, Ord, PartialEq, PartialOrd)]
     |   ^^^^^^
     |
help: consider importing this attribute macro
     |
  76 + use core::prelude::rust_2024::derive;
     |

error: cannot find macro `panic` in this scope
    --> /home/zzh/.cargo/registry/src/mirrors.aliyun.com-0671735e7cc7f5e7/byteorder-lite-0.1.0/src/lib.rs:1670:9
     |
1670 |         panic!("BigEndian default")
     |         ^^^^^
     |
help: consider importing this macro
     |
  76 + use core::panic;
     |

error: cannot find attribute `derive` in this scope
    --> /home/zzh/.cargo/registry/src/mirrors.aliyun.com-0671735e7cc7f5e7/byteorder-lite-0.1.0/src/lib.rs:1695:3
     |
1695 | #[derive(Clone, Copy, Debug, Eq, Hash, Ord, PartialEq, PartialOrd)]
     |   ^^^^^^
     |
help: consider importing this attribute macro
     |
  76 + use core::prelude::rust_2024::derive;
     |

error: cannot find macro `panic` in this scope
    --> /home/zzh/.cargo/registry/src/mirrors.aliyun.com-0671735e7cc7f5e7/byteorder-lite-0.1.0/src/lib.rs:1700:9
     |
1700 |         panic!("LittleEndian default")
     |         ^^^^^
     |
help: consider importing this macro
     |
  76 + use core::panic;
     |

error: cannot find macro `assert` in this scope
    --> /home/zzh/.cargo/registry/src/mirrors.aliyun.com-0671735e7cc7f5e7/byteorder-lite-0.1.0/src/lib.rs:1815:9
     |
1815 |         assert!(1 <= nbytes && nbytes <= out.len() && nbytes <= buf.len());
     |         ^^^^^^
     |
help: consider importing this macro
     |
  76 + use core::assert;
     |

error: cannot find macro `assert` in this scope
    --> /home/zzh/.cargo/registry/src/mirrors.aliyun.com-0671735e7cc7f5e7/byteorder-lite-0.1.0/src/lib.rs:1824:9
     |
1824 |         assert!(1 <= nbytes && nbytes <= out.len() && nbytes <= buf.len());
     |         ^^^^^^
     |
help: consider importing this macro
     |
  76 + use core::assert;
     |

error: cannot find macro `assert` in this scope
    --> /home/zzh/.cargo/registry/src/mirrors.aliyun.com-0671735e7cc7f5e7/byteorder-lite-0.1.0/src/lib.rs:1852:9
     |
1852 |         assert!(pack_size(n) <= nbytes && nbytes <= 8);
     |         ^^^^^^
     |
help: consider importing this macro
     |
  76 + use core::assert;
     |

error: cannot find macro `assert` in this scope
    --> /home/zzh/.cargo/registry/src/mirrors.aliyun.com-0671735e7cc7f5e7/byteorder-lite-0.1.0/src/lib.rs:1853:9
     |
1853 |         assert!(nbytes <= buf.len());
     |         ^^^^^^
     |
help: consider importing this macro
     |
  76 + use core::assert;
     |

error: cannot find macro `assert` in this scope
    --> /home/zzh/.cargo/registry/src/mirrors.aliyun.com-0671735e7cc7f5e7/byteorder-lite-0.1.0/src/lib.rs:1860:9
     |
1860 |         assert!(pack_size128(n) <= nbytes && nbytes <= 16);
     |         ^^^^^^
     |
help: consider importing this macro
     |
  76 + use core::assert;
     |

error: cannot find macro `assert` in this scope
    --> /home/zzh/.cargo/registry/src/mirrors.aliyun.com-0671735e7cc7f5e7/byteorder-lite-0.1.0/src/lib.rs:1861:9
     |
1861 |         assert!(nbytes <= buf.len());
     |         ^^^^^^
     |
help: consider importing this macro
     |
  76 + use core::assert;
     |

error: cannot find macro `assert_eq` in this scope
    --> /home/zzh/.cargo/registry/src/mirrors.aliyun.com-0671735e7cc7f5e7/byteorder-lite-0.1.0/src/lib.rs:1767:9
     |
1767 |         assert_eq!(src.len(), dst.len() * SIZE);
     |         ^^^^^^^^^
...
1868 |         read_slice!(src, dst, u16, from_be_bytes);
     |         ----------------------------------------- in this macro invocation
     |
     = note: this error originates in the macro `read_slice` (in Nightly builds, run with -Z macro-backtrace for more info)
help: consider importing this macro
     |
  76 + use core::assert_eq;
     |

error: cannot find macro `assert_eq` in this scope
    --> /home/zzh/.cargo/registry/src/mirrors.aliyun.com-0671735e7cc7f5e7/byteorder-lite-0.1.0/src/lib.rs:1767:9
     |
1767 |         assert_eq!(src.len(), dst.len() * SIZE);
     |         ^^^^^^^^^
...
1873 |         read_slice!(src, dst, u32, from_be_bytes);
     |         ----------------------------------------- in this macro invocation
     |
     = note: this error originates in the macro `read_slice` (in Nightly builds, run with -Z macro-backtrace for more info)
help: consider importing this macro
     |
  76 + use core::assert_eq;
     |

error: cannot find macro `assert_eq` in this scope
    --> /home/zzh/.cargo/registry/src/mirrors.aliyun.com-0671735e7cc7f5e7/byteorder-lite-0.1.0/src/lib.rs:1767:9
     |
1767 |         assert_eq!(src.len(), dst.len() * SIZE);
     |         ^^^^^^^^^
...
1878 |         read_slice!(src, dst, u64, from_be_bytes);
     |         ----------------------------------------- in this macro invocation
     |
     = note: this error originates in the macro `read_slice` (in Nightly builds, run with -Z macro-backtrace for more info)
help: consider importing this macro
     |
  76 + use core::assert_eq;
     |

error: cannot find macro `assert_eq` in this scope
    --> /home/zzh/.cargo/registry/src/mirrors.aliyun.com-0671735e7cc7f5e7/byteorder-lite-0.1.0/src/lib.rs:1767:9
     |
1767 |         assert_eq!(src.len(), dst.len() * SIZE);
     |         ^^^^^^^^^
...
1883 |         read_slice!(src, dst, u128, from_be_bytes);
     |         ------------------------------------------ in this macro invocation
     |
     = note: this error originates in the macro `read_slice` (in Nightly builds, run with -Z macro-backtrace for more info)
help: consider importing this macro
     |
  76 + use core::assert_eq;
     |

error: cannot find macro `assert_eq` in this scope
    --> /home/zzh/.cargo/registry/src/mirrors.aliyun.com-0671735e7cc7f5e7/byteorder-lite-0.1.0/src/lib.rs:1767:9
     |
1767 |         assert_eq!(src.len(), dst.len() * SIZE);
     |         ^^^^^^^^^
...
1888 |         read_slice!(src, dst, i16, from_be_bytes);
     |         ----------------------------------------- in this macro invocation
     |
     = note: this error originates in the macro `read_slice` (in Nightly builds, run with -Z macro-backtrace for more info)
help: consider importing this macro
     |
  76 + use core::assert_eq;
     |

error: cannot find macro `assert_eq` in this scope
    --> /home/zzh/.cargo/registry/src/mirrors.aliyun.com-0671735e7cc7f5e7/byteorder-lite-0.1.0/src/lib.rs:1767:9
     |
1767 |         assert_eq!(src.len(), dst.len() * SIZE);
     |         ^^^^^^^^^
...
1893 |         read_slice!(src, dst, i32, from_be_bytes);
     |         ----------------------------------------- in this macro invocation
     |
     = note: this error originates in the macro `read_slice` (in Nightly builds, run with -Z macro-backtrace for more info)
help: consider importing this macro
     |
  76 + use core::assert_eq;
     |

error: cannot find macro `assert_eq` in this scope
    --> /home/zzh/.cargo/registry/src/mirrors.aliyun.com-0671735e7cc7f5e7/byteorder-lite-0.1.0/src/lib.rs:1767:9
     |
1767 |         assert_eq!(src.len(), dst.len() * SIZE);
     |         ^^^^^^^^^
...
1898 |         read_slice!(src, dst, i64, from_be_bytes);
     |         ----------------------------------------- in this macro invocation
     |
     = note: this error originates in the macro `read_slice` (in Nightly builds, run with -Z macro-backtrace for more info)
help: consider importing this macro
     |
  76 + use core::assert_eq;
     |

error: cannot find macro `assert_eq` in this scope
    --> /home/zzh/.cargo/registry/src/mirrors.aliyun.com-0671735e7cc7f5e7/byteorder-lite-0.1.0/src/lib.rs:1767:9
     |
1767 |         assert_eq!(src.len(), dst.len() * SIZE);
     |         ^^^^^^^^^
...
1903 |         read_slice!(src, dst, i128, from_be_bytes);
     |         ------------------------------------------ in this macro invocation
     |
     = note: this error originates in the macro `read_slice` (in Nightly builds, run with -Z macro-backtrace for more info)
help: consider importing this macro
     |
  76 + use core::assert_eq;
     |

error: cannot find macro `assert_eq` in this scope
    --> /home/zzh/.cargo/registry/src/mirrors.aliyun.com-0671735e7cc7f5e7/byteorder-lite-0.1.0/src/lib.rs:1767:9
     |
1767 |         assert_eq!(src.len(), dst.len() * SIZE);
     |         ^^^^^^^^^
...
1908 |         read_slice!(src, dst, f32, from_be_bytes);
     |         ----------------------------------------- in this macro invocation
     |
     = note: this error originates in the macro `read_slice` (in Nightly builds, run with -Z macro-backtrace for more info)
help: consider importing this macro
     |
  76 + use core::assert_eq;
     |

error: cannot find macro `assert_eq` in this scope
    --> /home/zzh/.cargo/registry/src/mirrors.aliyun.com-0671735e7cc7f5e7/byteorder-lite-0.1.0/src/lib.rs:1767:9
     |
1767 |         assert_eq!(src.len(), dst.len() * SIZE);
     |         ^^^^^^^^^
...
1913 |         read_slice!(src, dst, f64, from_be_bytes);
     |         ----------------------------------------- in this macro invocation
     |
     = note: this error originates in the macro `read_slice` (in Nightly builds, run with -Z macro-backtrace for more info)
help: consider importing this macro
     |
  76 + use core::assert_eq;
     |

error: cannot find macro `assert_eq` in this scope
    --> /home/zzh/.cargo/registry/src/mirrors.aliyun.com-0671735e7cc7f5e7/byteorder-lite-0.1.0/src/lib.rs:1784:9
     |
1784 |         assert_eq!(src.len() * SIZE, dst.len());
     |         ^^^^^^^^^
...
1918 |         write_slice!(src, dst, u16, to_be_bytes);
     |         ---------------------------------------- in this macro invocation
     |
     = note: this error originates in the macro `write_slice` (in Nightly builds, run with -Z macro-backtrace for more info)
help: consider importing this macro
     |
  76 + use core::assert_eq;
     |

error: cannot find macro `assert_eq` in this scope
    --> /home/zzh/.cargo/registry/src/mirrors.aliyun.com-0671735e7cc7f5e7/byteorder-lite-0.1.0/src/lib.rs:1784:9
     |
1784 |         assert_eq!(src.len() * SIZE, dst.len());
     |         ^^^^^^^^^
...
1923 |         write_slice!(src, dst, u32, to_be_bytes);
     |         ---------------------------------------- in this macro invocation
     |
     = note: this error originates in the macro `write_slice` (in Nightly builds, run with -Z macro-backtrace for more info)
help: consider importing this macro
     |
  76 + use core::assert_eq;
     |

error: cannot find macro `assert_eq` in this scope
    --> /home/zzh/.cargo/registry/src/mirrors.aliyun.com-0671735e7cc7f5e7/byteorder-lite-0.1.0/src/lib.rs:1784:9
     |
1784 |         assert_eq!(src.len() * SIZE, dst.len());
     |         ^^^^^^^^^
...
1928 |         write_slice!(src, dst, u64, to_be_bytes);
     |         ---------------------------------------- in this macro invocation
     |
     = note: this error originates in the macro `write_slice` (in Nightly builds, run with -Z macro-backtrace for more info)
help: consider importing this macro
     |
  76 + use core::assert_eq;
     |

error: cannot find macro `assert_eq` in this scope
    --> /home/zzh/.cargo/registry/src/mirrors.aliyun.com-0671735e7cc7f5e7/byteorder-lite-0.1.0/src/lib.rs:1784:9
     |
1784 |         assert_eq!(src.len() * SIZE, dst.len());
     |         ^^^^^^^^^
...
1933 |         write_slice!(src, dst, u128, to_be_bytes);
     |         ----------------------------------------- in this macro invocation
     |
     = note: this error originates in the macro `write_slice` (in Nightly builds, run with -Z macro-backtrace for more info)
help: consider importing this macro
     |
  76 + use core::assert_eq;
     |

error: cannot find macro `assert_eq` in this scope
    --> /home/zzh/.cargo/registry/src/mirrors.aliyun.com-0671735e7cc7f5e7/byteorder-lite-0.1.0/src/lib.rs:1784:9
     |
1784 |         assert_eq!(src.len() * SIZE, dst.len());
     |         ^^^^^^^^^
...
1938 |         write_slice!(src, dst, i16, to_be_bytes);
     |         ---------------------------------------- in this macro invocation
     |
     = note: this error originates in the macro `write_slice` (in Nightly builds, run with -Z macro-backtrace for more info)
help: consider importing this macro
     |
  76 + use core::assert_eq;
     |

error: cannot find macro `assert_eq` in this scope
    --> /home/zzh/.cargo/registry/src/mirrors.aliyun.com-0671735e7cc7f5e7/byteorder-lite-0.1.0/src/lib.rs:1784:9
     |
1784 |         assert_eq!(src.len() * SIZE, dst.len());
     |         ^^^^^^^^^
...
1943 |         write_slice!(src, dst, i32, to_be_bytes);
     |         ---------------------------------------- in this macro invocation
     |
     = note: this error originates in the macro `write_slice` (in Nightly builds, run with -Z macro-backtrace for more info)
help: consider importing this macro
     |
  76 + use core::assert_eq;
     |

error: cannot find macro `assert_eq` in this scope
    --> /home/zzh/.cargo/registry/src/mirrors.aliyun.com-0671735e7cc7f5e7/byteorder-lite-0.1.0/src/lib.rs:1784:9
     |
1784 |         assert_eq!(src.len() * SIZE, dst.len());
     |         ^^^^^^^^^
...
1948 |         write_slice!(src, dst, i64, to_be_bytes);
     |         ---------------------------------------- in this macro invocation
     |
     = note: this error originates in the macro `write_slice` (in Nightly builds, run with -Z macro-backtrace for more info)
help: consider importing this macro
     |
  76 + use core::assert_eq;
     |

error: cannot find macro `assert_eq` in this scope
    --> /home/zzh/.cargo/registry/src/mirrors.aliyun.com-0671735e7cc7f5e7/byteorder-lite-0.1.0/src/lib.rs:1784:9
     |
1784 |         assert_eq!(src.len() * SIZE, dst.len());
     |         ^^^^^^^^^
...
1953 |         write_slice!(src, dst, i128, to_be_bytes);
     |         ----------------------------------------- in this macro invocation
     |
     = note: this error originates in the macro `write_slice` (in Nightly builds, run with -Z macro-backtrace for more info)
help: consider importing this macro
     |
  76 + use core::assert_eq;
     |

error: cannot find macro `assert_eq` in this scope
    --> /home/zzh/.cargo/registry/src/mirrors.aliyun.com-0671735e7cc7f5e7/byteorder-lite-0.1.0/src/lib.rs:1784:9
     |
1784 |         assert_eq!(src.len() * SIZE, dst.len());
     |         ^^^^^^^^^
...
1958 |         write_slice!(src, dst, f32, to_be_bytes);
     |         ---------------------------------------- in this macro invocation
     |
     = note: this error originates in the macro `write_slice` (in Nightly builds, run with -Z macro-backtrace for more info)
help: consider importing this macro
     |
  76 + use core::assert_eq;
     |

error: cannot find macro `assert_eq` in this scope
    --> /home/zzh/.cargo/registry/src/mirrors.aliyun.com-0671735e7cc7f5e7/byteorder-lite-0.1.0/src/lib.rs:1784:9
     |
1784 |         assert_eq!(src.len() * SIZE, dst.len());
     |         ^^^^^^^^^
...
1963 |         write_slice!(src, dst, f64, to_be_bytes);
     |         ---------------------------------------- in this macro invocation
     |
     = note: this error originates in the macro `write_slice` (in Nightly builds, run with -Z macro-backtrace for more info)
help: consider importing this macro
     |
  76 + use core::assert_eq;
     |

error: cannot find macro `cfg` in this scope
    --> /home/zzh/.cargo/registry/src/mirrors.aliyun.com-0671735e7cc7f5e7/byteorder-lite-0.1.0/src/lib.rs:1968:12
     |
1968 |         if cfg!(target_endian = "little") {
     |            ^^^
     |
     = note: `cfg` is in scope, but it is an attribute: `#[cfg]`
help: consider importing this macro
     |
  76 + use core::cfg;
     |

error: cannot find macro `cfg` in this scope
    --> /home/zzh/.cargo/registry/src/mirrors.aliyun.com-0671735e7cc7f5e7/byteorder-lite-0.1.0/src/lib.rs:1977:12
     |
1977 |         if cfg!(target_endian = "little") {
     |            ^^^
     |
     = note: `cfg` is in scope, but it is an attribute: `#[cfg]`
help: consider importing this macro
     |
  76 + use core::cfg;
     |

error: cannot find macro `cfg` in this scope
    --> /home/zzh/.cargo/registry/src/mirrors.aliyun.com-0671735e7cc7f5e7/byteorder-lite-0.1.0/src/lib.rs:1986:12
     |
1986 |         if cfg!(target_endian = "little") {
     |            ^^^
     |
     = note: `cfg` is in scope, but it is an attribute: `#[cfg]`
help: consider importing this macro
     |
  76 + use core::cfg;
     |

error: cannot find macro `cfg` in this scope
    --> /home/zzh/.cargo/registry/src/mirrors.aliyun.com-0671735e7cc7f5e7/byteorder-lite-0.1.0/src/lib.rs:1995:12
     |
1995 |         if cfg!(target_endian = "little") {
     |            ^^^
     |
     = note: `cfg` is in scope, but it is an attribute: `#[cfg]`
help: consider importing this macro
     |
  76 + use core::cfg;
     |

error: cannot find macro `cfg` in this scope
    --> /home/zzh/.cargo/registry/src/mirrors.aliyun.com-0671735e7cc7f5e7/byteorder-lite-0.1.0/src/lib.rs:2004:12
     |
2004 |         if cfg!(target_endian = "little") {
     |            ^^^
     |
     = note: `cfg` is in scope, but it is an attribute: `#[cfg]`
help: consider importing this macro
     |
  76 + use core::cfg;
     |

error: cannot find macro `cfg` in this scope
    --> /home/zzh/.cargo/registry/src/mirrors.aliyun.com-0671735e7cc7f5e7/byteorder-lite-0.1.0/src/lib.rs:2013:12
     |
2013 |         if cfg!(target_endian = "little") {
     |            ^^^
     |
     = note: `cfg` is in scope, but it is an attribute: `#[cfg]`
help: consider importing this macro
     |
  76 + use core::cfg;
     |

error: cannot find macro `cfg` in this scope
    --> /home/zzh/.cargo/registry/src/mirrors.aliyun.com-0671735e7cc7f5e7/byteorder-lite-0.1.0/src/lib.rs:2022:12
     |
2022 |         if cfg!(target_endian = "little") {
     |            ^^^
     |
     = note: `cfg` is in scope, but it is an attribute: `#[cfg]`
help: consider importing this macro
     |
  76 + use core::cfg;
     |

error: cannot find macro `cfg` in this scope
    --> /home/zzh/.cargo/registry/src/mirrors.aliyun.com-0671735e7cc7f5e7/byteorder-lite-0.1.0/src/lib.rs:2031:12
     |
2031 |         if cfg!(target_endian = "little") {
     |            ^^^
     |
     = note: `cfg` is in scope, but it is an attribute: `#[cfg]`
help: consider importing this macro
     |
  76 + use core::cfg;
     |

error: cannot find macro `cfg` in this scope
    --> /home/zzh/.cargo/registry/src/mirrors.aliyun.com-0671735e7cc7f5e7/byteorder-lite-0.1.0/src/lib.rs:2040:12
     |
2040 |         if cfg!(target_endian = "little") {
     |            ^^^
     |
     = note: `cfg` is in scope, but it is an attribute: `#[cfg]`
help: consider importing this macro
     |
  76 + use core::cfg;
     |

error: cannot find macro `cfg` in this scope
    --> /home/zzh/.cargo/registry/src/mirrors.aliyun.com-0671735e7cc7f5e7/byteorder-lite-0.1.0/src/lib.rs:2049:12
     |
2049 |         if cfg!(target_endian = "little") {
     |            ^^^
     |
     = note: `cfg` is in scope, but it is an attribute: `#[cfg]`
help: consider importing this macro
     |
  76 + use core::cfg;
     |

error: cannot find macro `assert` in this scope
    --> /home/zzh/.cargo/registry/src/mirrors.aliyun.com-0671735e7cc7f5e7/byteorder-lite-0.1.0/src/lib.rs:2081:9
     |
2081 |         assert!(1 <= nbytes && nbytes <= out.len() && nbytes <= buf.len());
     |         ^^^^^^
     |
help: consider importing this macro
     |
  76 + use core::assert;
     |

error: cannot find macro `assert` in this scope
    --> /home/zzh/.cargo/registry/src/mirrors.aliyun.com-0671735e7cc7f5e7/byteorder-lite-0.1.0/src/lib.rs:2089:9
     |
2089 |         assert!(1 <= nbytes && nbytes <= out.len() && nbytes <= buf.len());
     |         ^^^^^^
     |
help: consider importing this macro
     |
  76 + use core::assert;
     |

error: cannot find macro `assert` in this scope
    --> /home/zzh/.cargo/registry/src/mirrors.aliyun.com-0671735e7cc7f5e7/byteorder-lite-0.1.0/src/lib.rs:2116:9
     |
2116 |         assert!(pack_size(n) <= nbytes && nbytes <= 8);
     |         ^^^^^^
     |
help: consider importing this macro
     |
  76 + use core::assert;
     |

error: cannot find macro `assert` in this scope
    --> /home/zzh/.cargo/registry/src/mirrors.aliyun.com-0671735e7cc7f5e7/byteorder-lite-0.1.0/src/lib.rs:2117:9
     |
2117 |         assert!(nbytes <= buf.len());
     |         ^^^^^^
     |
help: consider importing this macro
     |
  76 + use core::assert;
     |

error: cannot find macro `assert` in this scope
    --> /home/zzh/.cargo/registry/src/mirrors.aliyun.com-0671735e7cc7f5e7/byteorder-lite-0.1.0/src/lib.rs:2124:9
     |
2124 |         assert!(pack_size128(n) <= nbytes && nbytes <= 16);
     |         ^^^^^^
     |
help: consider importing this macro
     |
  76 + use core::assert;
     |

error: cannot find macro `assert` in this scope
    --> /home/zzh/.cargo/registry/src/mirrors.aliyun.com-0671735e7cc7f5e7/byteorder-lite-0.1.0/src/lib.rs:2125:9
     |
2125 |         assert!(nbytes <= buf.len());
     |         ^^^^^^
     |
help: consider importing this macro
     |
  76 + use core::assert;
     |

error: cannot find macro `assert_eq` in this scope
    --> /home/zzh/.cargo/registry/src/mirrors.aliyun.com-0671735e7cc7f5e7/byteorder-lite-0.1.0/src/lib.rs:1767:9
     |
1767 |         assert_eq!(src.len(), dst.len() * SIZE);
     |         ^^^^^^^^^
...
2132 |         read_slice!(src, dst, u16, from_le_bytes);
     |         ----------------------------------------- in this macro invocation
     |
     = note: this error originates in the macro `read_slice` (in Nightly builds, run with -Z macro-backtrace for more info)
help: consider importing this macro
     |
  76 + use core::assert_eq;
     |

error: cannot find macro `assert_eq` in this scope
    --> /home/zzh/.cargo/registry/src/mirrors.aliyun.com-0671735e7cc7f5e7/byteorder-lite-0.1.0/src/lib.rs:1767:9
     |
1767 |         assert_eq!(src.len(), dst.len() * SIZE);
     |         ^^^^^^^^^
...
2137 |         read_slice!(src, dst, u32, from_le_bytes);
     |         ----------------------------------------- in this macro invocation
     |
     = note: this error originates in the macro `read_slice` (in Nightly builds, run with -Z macro-backtrace for more info)
help: consider importing this macro
     |
  76 + use core::assert_eq;
     |

error: cannot find macro `assert_eq` in this scope
    --> /home/zzh/.cargo/registry/src/mirrors.aliyun.com-0671735e7cc7f5e7/byteorder-lite-0.1.0/src/lib.rs:1767:9
     |
1767 |         assert_eq!(src.len(), dst.len() * SIZE);
     |         ^^^^^^^^^
...
2142 |         read_slice!(src, dst, u64, from_le_bytes);
     |         ----------------------------------------- in this macro invocation
     |
     = note: this error originates in the macro `read_slice` (in Nightly builds, run with -Z macro-backtrace for more info)
help: consider importing this macro
     |
  76 + use core::assert_eq;
     |

error: cannot find macro `assert_eq` in this scope
    --> /home/zzh/.cargo/registry/src/mirrors.aliyun.com-0671735e7cc7f5e7/byteorder-lite-0.1.0/src/lib.rs:1767:9
     |
1767 |         assert_eq!(src.len(), dst.len() * SIZE);
     |         ^^^^^^^^^
...
2147 |         read_slice!(src, dst, u128, from_le_bytes);
     |         ------------------------------------------ in this macro invocation
     |
     = note: this error originates in the macro `read_slice` (in Nightly builds, run with -Z macro-backtrace for more info)
help: consider importing this macro
     |
  76 + use core::assert_eq;
     |

error: cannot find macro `assert_eq` in this scope
    --> /home/zzh/.cargo/registry/src/mirrors.aliyun.com-0671735e7cc7f5e7/byteorder-lite-0.1.0/src/lib.rs:1767:9
     |
1767 |         assert_eq!(src.len(), dst.len() * SIZE);
     |         ^^^^^^^^^
...
2152 |         read_slice!(src, dst, i16, from_le_bytes);
     |         ----------------------------------------- in this macro invocation
     |
     = note: this error originates in the macro `read_slice` (in Nightly builds, run with -Z macro-backtrace for more info)
help: consider importing this macro
     |
  76 + use core::assert_eq;
     |

error: cannot find macro `assert_eq` in this scope
    --> /home/zzh/.cargo/registry/src/mirrors.aliyun.com-0671735e7cc7f5e7/byteorder-lite-0.1.0/src/lib.rs:1767:9
     |
1767 |         assert_eq!(src.len(), dst.len() * SIZE);
     |         ^^^^^^^^^
...
2157 |         read_slice!(src, dst, i32, from_le_bytes);
     |         ----------------------------------------- in this macro invocation
     |
     = note: this error originates in the macro `read_slice` (in Nightly builds, run with -Z macro-backtrace for more info)
help: consider importing this macro
     |
  76 + use core::assert_eq;
     |

error: cannot find macro `assert_eq` in this scope
    --> /home/zzh/.cargo/registry/src/mirrors.aliyun.com-0671735e7cc7f5e7/byteorder-lite-0.1.0/src/lib.rs:1767:9
     |
1767 |         assert_eq!(src.len(), dst.len() * SIZE);
     |         ^^^^^^^^^
...
2162 |         read_slice!(src, dst, i64, from_le_bytes);
     |         ----------------------------------------- in this macro invocation
     |
     = note: this error originates in the macro `read_slice` (in Nightly builds, run with -Z macro-backtrace for more info)
help: consider importing this macro
     |
  76 + use core::assert_eq;
     |

error: cannot find macro `assert_eq` in this scope
    --> /home/zzh/.cargo/registry/src/mirrors.aliyun.com-0671735e7cc7f5e7/byteorder-lite-0.1.0/src/lib.rs:1767:9
     |
1767 |         assert_eq!(src.len(), dst.len() * SIZE);
     |         ^^^^^^^^^
...
2167 |         read_slice!(src, dst, i128, from_le_bytes);
     |         ------------------------------------------ in this macro invocation
     |
     = note: this error originates in the macro `read_slice` (in Nightly builds, run with -Z macro-backtrace for more info)
help: consider importing this macro
     |
  76 + use core::assert_eq;
     |

error: cannot find macro `assert_eq` in this scope
    --> /home/zzh/.cargo/registry/src/mirrors.aliyun.com-0671735e7cc7f5e7/byteorder-lite-0.1.0/src/lib.rs:1767:9
     |
1767 |         assert_eq!(src.len(), dst.len() * SIZE);
     |         ^^^^^^^^^
...
2172 |         read_slice!(src, dst, f32, from_le_bytes);
     |         ----------------------------------------- in this macro invocation
     |
     = note: this error originates in the macro `read_slice` (in Nightly builds, run with -Z macro-backtrace for more info)
help: consider importing this macro
     |
  76 + use core::assert_eq;
     |

error: cannot find macro `assert_eq` in this scope
    --> /home/zzh/.cargo/registry/src/mirrors.aliyun.com-0671735e7cc7f5e7/byteorder-lite-0.1.0/src/lib.rs:1767:9
     |
1767 |         assert_eq!(src.len(), dst.len() * SIZE);
     |         ^^^^^^^^^
...
2177 |         read_slice!(src, dst, f64, from_le_bytes);
     |         ----------------------------------------- in this macro invocation
     |
     = note: this error originates in the macro `read_slice` (in Nightly builds, run with -Z macro-backtrace for more info)
help: consider importing this macro
     |
  76 + use core::assert_eq;
     |

error: cannot find macro `assert_eq` in this scope
    --> /home/zzh/.cargo/registry/src/mirrors.aliyun.com-0671735e7cc7f5e7/byteorder-lite-0.1.0/src/lib.rs:1784:9
     |
1784 |         assert_eq!(src.len() * SIZE, dst.len());
     |         ^^^^^^^^^
...
2182 |         write_slice!(src, dst, u16, to_le_bytes);
     |         ---------------------------------------- in this macro invocation
     |
     = note: this error originates in the macro `write_slice` (in Nightly builds, run with -Z macro-backtrace for more info)
help: consider importing this macro
     |
  76 + use core::assert_eq;
     |

error: cannot find macro `assert_eq` in this scope
    --> /home/zzh/.cargo/registry/src/mirrors.aliyun.com-0671735e7cc7f5e7/byteorder-lite-0.1.0/src/lib.rs:1784:9
     |
1784 |         assert_eq!(src.len() * SIZE, dst.len());
     |         ^^^^^^^^^
...
2187 |         write_slice!(src, dst, u32, to_le_bytes);
     |         ---------------------------------------- in this macro invocation
     |
     = note: this error originates in the macro `write_slice` (in Nightly builds, run with -Z macro-backtrace for more info)
help: consider importing this macro
     |
  76 + use core::assert_eq;
     |

error: cannot find macro `assert_eq` in this scope
    --> /home/zzh/.cargo/registry/src/mirrors.aliyun.com-0671735e7cc7f5e7/byteorder-lite-0.1.0/src/lib.rs:1784:9
     |
1784 |         assert_eq!(src.len() * SIZE, dst.len());
     |         ^^^^^^^^^
...
2192 |         write_slice!(src, dst, u64, to_le_bytes);
     |         ---------------------------------------- in this macro invocation
     |
     = note: this error originates in the macro `write_slice` (in Nightly builds, run with -Z macro-backtrace for more info)
help: consider importing this macro
     |
  76 + use core::assert_eq;
     |

error: cannot find macro `assert_eq` in this scope
    --> /home/zzh/.cargo/registry/src/mirrors.aliyun.com-0671735e7cc7f5e7/byteorder-lite-0.1.0/src/lib.rs:1784:9
     |
1784 |         assert_eq!(src.len() * SIZE, dst.len());
     |         ^^^^^^^^^
...
2197 |         write_slice!(src, dst, u128, to_le_bytes);
     |         ----------------------------------------- in this macro invocation
     |
     = note: this error originates in the macro `write_slice` (in Nightly builds, run with -Z macro-backtrace for more info)
help: consider importing this macro
     |
  76 + use core::assert_eq;
     |

error: cannot find macro `assert_eq` in this scope
    --> /home/zzh/.cargo/registry/src/mirrors.aliyun.com-0671735e7cc7f5e7/byteorder-lite-0.1.0/src/lib.rs:1784:9
     |
1784 |         assert_eq!(src.len() * SIZE, dst.len());
     |         ^^^^^^^^^
...
2202 |         write_slice!(src, dst, i16, to_le_bytes);
     |         ---------------------------------------- in this macro invocation
     |
     = note: this error originates in the macro `write_slice` (in Nightly builds, run with -Z macro-backtrace for more info)
help: consider importing this macro
     |
  76 + use core::assert_eq;
     |

error: cannot find macro `assert_eq` in this scope
    --> /home/zzh/.cargo/registry/src/mirrors.aliyun.com-0671735e7cc7f5e7/byteorder-lite-0.1.0/src/lib.rs:1784:9
     |
1784 |         assert_eq!(src.len() * SIZE, dst.len());
     |         ^^^^^^^^^
...
2207 |         write_slice!(src, dst, i32, to_le_bytes);
     |         ---------------------------------------- in this macro invocation
     |
     = note: this error originates in the macro `write_slice` (in Nightly builds, run with -Z macro-backtrace for more info)
help: consider importing this macro
     |
  76 + use core::assert_eq;
     |

error: cannot find macro `assert_eq` in this scope
    --> /home/zzh/.cargo/registry/src/mirrors.aliyun.com-0671735e7cc7f5e7/byteorder-lite-0.1.0/src/lib.rs:1784:9
     |
1784 |         assert_eq!(src.len() * SIZE, dst.len());
     |         ^^^^^^^^^
...
2212 |         write_slice!(src, dst, i64, to_le_bytes);
     |         ---------------------------------------- in this macro invocation
     |
     = note: this error originates in the macro `write_slice` (in Nightly builds, run with -Z macro-backtrace for more info)
help: consider importing this macro
     |
  76 + use core::assert_eq;
     |

error: cannot find macro `assert_eq` in this scope
    --> /home/zzh/.cargo/registry/src/mirrors.aliyun.com-0671735e7cc7f5e7/byteorder-lite-0.1.0/src/lib.rs:1784:9
     |
1784 |         assert_eq!(src.len() * SIZE, dst.len());
     |         ^^^^^^^^^
...
2217 |         write_slice!(src, dst, i128, to_le_bytes);
     |         ----------------------------------------- in this macro invocation
     |
     = note: this error originates in the macro `write_slice` (in Nightly builds, run with -Z macro-backtrace for more info)
help: consider importing this macro
     |
  76 + use core::assert_eq;
     |

error: cannot find macro `assert_eq` in this scope
    --> /home/zzh/.cargo/registry/src/mirrors.aliyun.com-0671735e7cc7f5e7/byteorder-lite-0.1.0/src/lib.rs:1784:9
     |
1784 |         assert_eq!(src.len() * SIZE, dst.len());
     |         ^^^^^^^^^
...
2222 |         write_slice!(src, dst, f32, to_le_bytes);
     |         ---------------------------------------- in this macro invocation
     |
     = note: this error originates in the macro `write_slice` (in Nightly builds, run with -Z macro-backtrace for more info)
help: consider importing this macro
     |
  76 + use core::assert_eq;
     |

error: cannot find macro `assert_eq` in this scope
    --> /home/zzh/.cargo/registry/src/mirrors.aliyun.com-0671735e7cc7f5e7/byteorder-lite-0.1.0/src/lib.rs:1784:9
     |
1784 |         assert_eq!(src.len() * SIZE, dst.len());
     |         ^^^^^^^^^
...
2227 |         write_slice!(src, dst, f64, to_le_bytes);
     |         ---------------------------------------- in this macro invocation
     |
     = note: this error originates in the macro `write_slice` (in Nightly builds, run with -Z macro-backtrace for more info)
help: consider importing this macro
     |
  76 + use core::assert_eq;
     |

error: cannot find macro `cfg` in this scope
    --> /home/zzh/.cargo/registry/src/mirrors.aliyun.com-0671735e7cc7f5e7/byteorder-lite-0.1.0/src/lib.rs:2232:12
     |
2232 |         if cfg!(target_endian = "big") {
     |            ^^^
     |
     = note: `cfg` is in scope, but it is an attribute: `#[cfg]`
help: consider importing this macro
     |
  76 + use core::cfg;
     |

error: cannot find macro `cfg` in this scope
    --> /home/zzh/.cargo/registry/src/mirrors.aliyun.com-0671735e7cc7f5e7/byteorder-lite-0.1.0/src/lib.rs:2241:12
     |
2241 |         if cfg!(target_endian = "big") {
     |            ^^^
     |
     = note: `cfg` is in scope, but it is an attribute: `#[cfg]`
help: consider importing this macro
     |
  76 + use core::cfg;
     |

error: cannot find macro `cfg` in this scope
    --> /home/zzh/.cargo/registry/src/mirrors.aliyun.com-0671735e7cc7f5e7/byteorder-lite-0.1.0/src/lib.rs:2250:12
     |
2250 |         if cfg!(target_endian = "big") {
     |            ^^^
     |
     = note: `cfg` is in scope, but it is an attribute: `#[cfg]`
help: consider importing this macro
     |
  76 + use core::cfg;
     |

error: cannot find macro `cfg` in this scope
    --> /home/zzh/.cargo/registry/src/mirrors.aliyun.com-0671735e7cc7f5e7/byteorder-lite-0.1.0/src/lib.rs:2259:12
     |
2259 |         if cfg!(target_endian = "big") {
     |            ^^^
     |
     = note: `cfg` is in scope, but it is an attribute: `#[cfg]`
help: consider importing this macro
     |
  76 + use core::cfg;
     |

error: cannot find macro `cfg` in this scope
    --> /home/zzh/.cargo/registry/src/mirrors.aliyun.com-0671735e7cc7f5e7/byteorder-lite-0.1.0/src/lib.rs:2268:12
     |
2268 |         if cfg!(target_endian = "big") {
     |            ^^^
     |
     = note: `cfg` is in scope, but it is an attribute: `#[cfg]`
help: consider importing this macro
     |
  76 + use core::cfg;
     |

error: cannot find macro `cfg` in this scope
    --> /home/zzh/.cargo/registry/src/mirrors.aliyun.com-0671735e7cc7f5e7/byteorder-lite-0.1.0/src/lib.rs:2277:12
     |
2277 |         if cfg!(target_endian = "big") {
     |            ^^^
     |
     = note: `cfg` is in scope, but it is an attribute: `#[cfg]`
help: consider importing this macro
     |
  76 + use core::cfg;
     |

error: cannot find macro `cfg` in this scope
    --> /home/zzh/.cargo/registry/src/mirrors.aliyun.com-0671735e7cc7f5e7/byteorder-lite-0.1.0/src/lib.rs:2286:12
     |
2286 |         if cfg!(target_endian = "big") {
     |            ^^^
     |
     = note: `cfg` is in scope, but it is an attribute: `#[cfg]`
help: consider importing this macro
     |
  76 + use core::cfg;
     |

error: cannot find macro `cfg` in this scope
    --> /home/zzh/.cargo/registry/src/mirrors.aliyun.com-0671735e7cc7f5e7/byteorder-lite-0.1.0/src/lib.rs:2295:12
     |
2295 |         if cfg!(target_endian = "big") {
     |            ^^^
     |
     = note: `cfg` is in scope, but it is an attribute: `#[cfg]`
help: consider importing this macro
     |
  76 + use core::cfg;
     |

error: cannot find macro `cfg` in this scope
    --> /home/zzh/.cargo/registry/src/mirrors.aliyun.com-0671735e7cc7f5e7/byteorder-lite-0.1.0/src/lib.rs:2304:12
     |
2304 |         if cfg!(target_endian = "big") {
     |            ^^^
     |
     = note: `cfg` is in scope, but it is an attribute: `#[cfg]`
help: consider importing this macro
     |
  76 + use core::cfg;
     |

error: cannot find macro `cfg` in this scope
    --> /home/zzh/.cargo/registry/src/mirrors.aliyun.com-0671735e7cc7f5e7/byteorder-lite-0.1.0/src/lib.rs:2313:12
     |
2313 |         if cfg!(target_endian = "big") {
     |            ^^^
     |
     = note: `cfg` is in scope, but it is an attribute: `#[cfg]`
help: consider importing this macro
     |
  76 + use core::cfg;
     |

error[E0425]: cannot find function, tuple struct or tuple variant `Ok` in this scope
  --> /home/zzh/.cargo/registry/src/mirrors.aliyun.com-0671735e7cc7f5e7/byteorder-lite-0.1.0/src/io.rs:55:9
   |
55 |         Ok(buf[0])
   |         ^^ not found in this scope
   |
help: consider importing this tuple variant
   |
 1 + use core::result::Result::Ok;
   |

error[E0425]: cannot find function, tuple struct or tuple variant `Ok` in this scope
  --> /home/zzh/.cargo/registry/src/mirrors.aliyun.com-0671735e7cc7f5e7/byteorder-lite-0.1.0/src/io.rs:85:9
   |
85 |         Ok(buf[0] as i8)
   |         ^^ not found in this scope
   |
help: consider importing this tuple variant
   |
 1 + use core::result::Result::Ok;
   |

error[E0425]: cannot find function, tuple struct or tuple variant `Ok` in this scope
   --> /home/zzh/.cargo/registry/src/mirrors.aliyun.com-0671735e7cc7f5e7/byteorder-lite-0.1.0/src/io.rs:112:9
    |
112 |         Ok(T::read_u16(&buf))
    |         ^^ not found in this scope
    |
help: consider importing this tuple variant
    |
  1 + use core::result::Result::Ok;
    |

error[E0425]: cannot find function, tuple struct or tuple variant `Ok` in this scope
   --> /home/zzh/.cargo/registry/src/mirrors.aliyun.com-0671735e7cc7f5e7/byteorder-lite-0.1.0/src/io.rs:139:9
    |
139 |         Ok(T::read_i16(&buf))
    |         ^^ not found in this scope
    |
help: consider importing this tuple variant
    |
  1 + use core::result::Result::Ok;
    |

error[E0425]: cannot find function, tuple struct or tuple variant `Ok` in this scope
   --> /home/zzh/.cargo/registry/src/mirrors.aliyun.com-0671735e7cc7f5e7/byteorder-lite-0.1.0/src/io.rs:165:9
    |
165 |         Ok(T::read_u24(&buf))
    |         ^^ not found in this scope
    |
help: consider importing this tuple variant
    |
  1 + use core::result::Result::Ok;
    |

error[E0425]: cannot find function, tuple struct or tuple variant `Ok` in this scope
   --> /home/zzh/.cargo/registry/src/mirrors.aliyun.com-0671735e7cc7f5e7/byteorder-lite-0.1.0/src/io.rs:191:9
    |
191 |         Ok(T::read_i24(&buf))
    |         ^^ not found in this scope
    |
help: consider importing this tuple variant
    |
  1 + use core::result::Result::Ok;
    |

error[E0425]: cannot find function, tuple struct or tuple variant `Ok` in this scope
   --> /home/zzh/.cargo/registry/src/mirrors.aliyun.com-0671735e7cc7f5e7/byteorder-lite-0.1.0/src/io.rs:217:9
    |
217 |         Ok(T::read_u32(&buf))
    |         ^^ not found in this scope
    |
help: consider importing this tuple variant
    |
  1 + use core::result::Result::Ok;
    |

error[E0425]: cannot find function, tuple struct or tuple variant `Ok` in this scope
   --> /home/zzh/.cargo/registry/src/mirrors.aliyun.com-0671735e7cc7f5e7/byteorder-lite-0.1.0/src/io.rs:243:9
    |
243 |         Ok(T::read_i32(&buf))
    |         ^^ not found in this scope
    |
help: consider importing this tuple variant
    |
  1 + use core::result::Result::Ok;
    |

error[E0425]: cannot find function, tuple struct or tuple variant `Ok` in this scope
   --> /home/zzh/.cargo/registry/src/mirrors.aliyun.com-0671735e7cc7f5e7/byteorder-lite-0.1.0/src/io.rs:269:9
    |
269 |         Ok(T::read_u48(&buf))
    |         ^^ not found in this scope
    |
help: consider importing this tuple variant
    |
  1 + use core::result::Result::Ok;
    |

error[E0425]: cannot find function, tuple struct or tuple variant `Ok` in this scope
   --> /home/zzh/.cargo/registry/src/mirrors.aliyun.com-0671735e7cc7f5e7/byteorder-lite-0.1.0/src/io.rs:295:9
    |
295 |         Ok(T::read_i48(&buf))
    |         ^^ not found in this scope
    |
help: consider importing this tuple variant
    |
  1 + use core::result::Result::Ok;
    |

error[E0425]: cannot find function, tuple struct or tuple variant `Ok` in this scope
   --> /home/zzh/.cargo/registry/src/mirrors.aliyun.com-0671735e7cc7f5e7/byteorder-lite-0.1.0/src/io.rs:321:9
    |
321 |         Ok(T::read_u64(&buf))
    |         ^^ not found in this scope
    |
help: consider importing this tuple variant
    |
  1 + use core::result::Result::Ok;
    |

error[E0425]: cannot find function, tuple struct or tuple variant `Ok` in this scope
   --> /home/zzh/.cargo/registry/src/mirrors.aliyun.com-0671735e7cc7f5e7/byteorder-lite-0.1.0/src/io.rs:347:9
    |
347 |         Ok(T::read_i64(&buf))
    |         ^^ not found in this scope
    |
help: consider importing this tuple variant
    |
  1 + use core::result::Result::Ok;
    |

error[E0425]: cannot find function, tuple struct or tuple variant `Ok` in this scope
   --> /home/zzh/.cargo/registry/src/mirrors.aliyun.com-0671735e7cc7f5e7/byteorder-lite-0.1.0/src/io.rs:376:9
    |
376 |         Ok(T::read_u128(&buf))
    |         ^^ not found in this scope
    |
help: consider importing this tuple variant
    |
  1 + use core::result::Result::Ok;
    |

error[E0425]: cannot find function, tuple struct or tuple variant `Ok` in this scope
   --> /home/zzh/.cargo/registry/src/mirrors.aliyun.com-0671735e7cc7f5e7/byteorder-lite-0.1.0/src/io.rs:402:9
    |
402 |         Ok(T::read_i128(&buf))
    |         ^^ not found in this scope
    |
help: consider importing this tuple variant
    |
  1 + use core::result::Result::Ok;
    |

error[E0425]: cannot find function, tuple struct or tuple variant `Ok` in this scope
   --> /home/zzh/.cargo/registry/src/mirrors.aliyun.com-0671735e7cc7f5e7/byteorder-lite-0.1.0/src/io.rs:427:9
    |
427 |         Ok(T::read_uint(&buf[..nbytes], nbytes))
    |         ^^ not found in this scope
    |
help: consider importing this tuple variant
    |
  1 + use core::result::Result::Ok;
    |

error[E0425]: cannot find function, tuple struct or tuple variant `Ok` in this scope
   --> /home/zzh/.cargo/registry/src/mirrors.aliyun.com-0671735e7cc7f5e7/byteorder-lite-0.1.0/src/io.rs:452:9
    |
452 |         Ok(T::read_int(&buf[..nbytes], nbytes))
    |         ^^ not found in this scope
    |
help: consider importing this tuple variant
    |
  1 + use core::result::Result::Ok;
    |

error[E0425]: cannot find function, tuple struct or tuple variant `Ok` in this scope
   --> /home/zzh/.cargo/registry/src/mirrors.aliyun.com-0671735e7cc7f5e7/byteorder-lite-0.1.0/src/io.rs:460:9
    |
460 |         Ok(T::read_uint128(&buf[..nbytes], nbytes))
    |         ^^ not found in this scope
    |
help: consider importing this tuple variant
    |
  1 + use core::result::Result::Ok;
    |

error[E0425]: cannot find function, tuple struct or tuple variant `Ok` in this scope
   --> /home/zzh/.cargo/registry/src/mirrors.aliyun.com-0671735e7cc7f5e7/byteorder-lite-0.1.0/src/io.rs:468:9
    |
468 |         Ok(T::read_int128(&buf[..nbytes], nbytes))
    |         ^^ not found in this scope
    |
help: consider importing this tuple variant
    |
  1 + use core::result::Result::Ok;
    |

error[E0425]: cannot find function, tuple struct or tuple variant `Ok` in this scope
   --> /home/zzh/.cargo/registry/src/mirrors.aliyun.com-0671735e7cc7f5e7/byteorder-lite-0.1.0/src/io.rs:499:9
    |
499 |         Ok(T::read_f32(&buf))
    |         ^^ not found in this scope
    |
help: consider importing this tuple variant
    |
  1 + use core::result::Result::Ok;
    |

error[E0425]: cannot find function, tuple struct or tuple variant `Ok` in this scope
   --> /home/zzh/.cargo/registry/src/mirrors.aliyun.com-0671735e7cc7f5e7/byteorder-lite-0.1.0/src/io.rs:530:9
    |
530 |         Ok(T::read_f64(&buf))
    |         ^^ not found in this scope
    |
help: consider importing this tuple variant
    |
  1 + use core::result::Result::Ok;
    |

error[E0405]: cannot find trait `Sized` in this scope
   --> /home/zzh/.cargo/registry/src/mirrors.aliyun.com-0671735e7cc7f5e7/byteorder-lite-0.1.0/src/io.rs:536:21
    |
536 | impl<R: io::Read + ?Sized> ReadBytesExt for R {}
    |                     ^^^^^ not found in this scope
    |
help: consider importing this trait
    |
  1 + use core::marker::Sized;
    |

error[E0405]: cannot find trait `Sized` in this scope
    --> /home/zzh/.cargo/registry/src/mirrors.aliyun.com-0671735e7cc7f5e7/byteorder-lite-0.1.0/src/io.rs:1066:22
     |
1066 | impl<W: io::Write + ?Sized> WriteBytesExt for W {}
     |                      ^^^^^ not found in this scope
     |
help: consider importing this trait
     |
   1 + use core::marker::Sized;
     |

error[E0405]: cannot find trait `Clone` in this scope
   --> /home/zzh/.cargo/registry/src/mirrors.aliyun.com-0671735e7cc7f5e7/byteorder-lite-0.1.0/src/lib.rs:162:5
    |
162 |     Clone
    |     ^^^^^ not found in this scope
    |
help: consider importing this trait
    |
 76 + use core::clone::Clone;
    |

error[E0405]: cannot find trait `Copy` in this scope
   --> /home/zzh/.cargo/registry/src/mirrors.aliyun.com-0671735e7cc7f5e7/byteorder-lite-0.1.0/src/lib.rs:163:7
    |
163 |     + Copy
    |       ^^^^ not found in this scope
    |
help: consider importing this trait
    |
 76 + use core::marker::Copy;
    |

error[E0405]: cannot find trait `Default` in this scope
   --> /home/zzh/.cargo/registry/src/mirrors.aliyun.com-0671735e7cc7f5e7/byteorder-lite-0.1.0/src/lib.rs:165:7
    |
165 |     + Default
    |       ^^^^^^^ not found in this scope
    |
help: consider importing this trait
    |
 76 + use core::default::Default;
    |

error[E0405]: cannot find trait `Eq` in this scope
   --> /home/zzh/.cargo/registry/src/mirrors.aliyun.com-0671735e7cc7f5e7/byteorder-lite-0.1.0/src/lib.rs:166:7
    |
166 |     + Eq
    |       ^^ not found in this scope
    |
help: consider importing this trait
    |
 76 + use core::cmp::Eq;
    |

error[E0405]: cannot find trait `Ord` in this scope
   --> /home/zzh/.cargo/registry/src/mirrors.aliyun.com-0671735e7cc7f5e7/byteorder-lite-0.1.0/src/lib.rs:168:7
    |
168 |     + Ord
    |       ^^^ not found in this scope
    |
help: consider importing this trait
    |
 76 + use core::cmp::Ord;
    |

error[E0405]: cannot find trait `PartialEq` in this scope
   --> /home/zzh/.cargo/registry/src/mirrors.aliyun.com-0671735e7cc7f5e7/byteorder-lite-0.1.0/src/lib.rs:169:7
    |
169 |     + PartialEq
    |       ^^^^^^^^^ not found in this scope
    |
help: consider importing this trait
    |
 76 + use core::cmp::PartialEq;
    |

error[E0405]: cannot find trait `PartialOrd` in this scope
   --> /home/zzh/.cargo/registry/src/mirrors.aliyun.com-0671735e7cc7f5e7/byteorder-lite-0.1.0/src/lib.rs:170:7
    |
170 |     + PartialOrd
    |       ^^^^^^^^^^ not found in this scope
    |
help: consider importing this trait
    |
 76 + use core::cmp::PartialOrd;
    |

error[E0405]: cannot find trait `Default` in this scope
    --> /home/zzh/.cargo/registry/src/mirrors.aliyun.com-0671735e7cc7f5e7/byteorder-lite-0.1.0/src/lib.rs:1668:6
     |
1668 | impl Default for BigEndian {
     |      ^^^^^^^ not found in this scope
     |
help: consider importing this trait
     |
  76 + use core::default::Default;
     |

error[E0405]: cannot find trait `Default` in this scope
    --> /home/zzh/.cargo/registry/src/mirrors.aliyun.com-0671735e7cc7f5e7/byteorder-lite-0.1.0/src/lib.rs:1698:6
     |
1698 | impl Default for LittleEndian {
     |      ^^^^^^^ not found in this scope
     |
help: consider importing this trait
     |
  76 + use core::default::Default;
     |

Some errors have detailed explanations: E0405, E0425, E0463.
For more information about an error, try `rustc --explain E0405`.
error: could not compile `byteorder-lite` (lib) due to 111 previous errors
warning: build failed, waiting for other jobs to finish...
error[E0034]: multiple applicable items in scope
    --> /home/zzh/.cargo/registry/src/mirrors.aliyun.com-0671735e7cc7f5e7/num-traits-0.2.19/src/float.rs:837:15
     |
 837 |         Self::floor(self) -> Self;
     |               ^^^^^ multiple `floor` found
     |
    ::: /home/zzh/.cargo/registry/src/mirrors.aliyun.com-0671735e7cc7f5e7/num-traits-0.2.19/src/macros.rs:9:16
     |
   9 |             fn $method(self $( , $arg : $ty )* ) -> $ret {
     |                ------- due to this macro variable
     |
note: candidate #1 is defined in an impl of the trait `Float` for the type `f32`
    --> /home/zzh/.cargo/registry/src/mirrors.aliyun.com-0671735e7cc7f5e7/num-traits-0.2.19/src/macros.rs:9:13
     |
   9 |             fn $method(self $( , $arg : $ty )* ) -> $ret {
     |             ^^^^^^^^^^^^^^^^^^^^^^^^^^^^^^^^^^^^^^^^^^^^
     |
    ::: /home/zzh/.cargo/registry/src/mirrors.aliyun.com-0671735e7cc7f5e7/num-traits-0.2.19/src/float.rs:2078:1
     |
2078 | float_impl_std!(f32 integer_decode_f32);
     | --------------------------------------- in this macro invocation
note: candidate #2 is defined in an impl of the trait `FloatCore` for the type `f32`
    --> /home/zzh/.cargo/registry/src/mirrors.aliyun.com-0671735e7cc7f5e7/num-traits-0.2.19/src/macros.rs:9:13
     |
   9 |               fn $method(self $( , $arg : $ty )* ) -> $ret {
     |               ^^^^^^^^^^^^^^^^^^^^^^^^^^^^^^^^^^^^^^^^^^^^
     |
    ::: /home/zzh/.cargo/registry/src/mirrors.aliyun.com-0671735e7cc7f5e7/num-traits-0.2.19/src/float.rs:836:5
     |
 836 | /     forward! {
 837 | |         Self::floor(self) -> Self;
 838 | |         Self::ceil(self) -> Self;
 839 | |         Self::round(self) -> Self;
...    |
 844 | |         Self::powi(self, n: i32) -> Self;
 845 | |     }
     | |_____- in this macro invocation
     = note: this error originates in the macro `forward` (in Nightly builds, run with -Z macro-backtrace for more info)

error[E0034]: multiple applicable items in scope
    --> /home/zzh/.cargo/registry/src/mirrors.aliyun.com-0671735e7cc7f5e7/num-traits-0.2.19/src/float.rs:838:15
     |
 838 |         Self::ceil(self) -> Self;
     |               ^^^^ multiple `ceil` found
     |
    ::: /home/zzh/.cargo/registry/src/mirrors.aliyun.com-0671735e7cc7f5e7/num-traits-0.2.19/src/macros.rs:9:16
     |
   9 |             fn $method(self $( , $arg : $ty )* ) -> $ret {
     |                ------- due to this macro variable
     |
note: candidate #1 is defined in an impl of the trait `Float` for the type `f32`
    --> /home/zzh/.cargo/registry/src/mirrors.aliyun.com-0671735e7cc7f5e7/num-traits-0.2.19/src/macros.rs:9:13
     |
   9 |             fn $method(self $( , $arg : $ty )* ) -> $ret {
     |             ^^^^^^^^^^^^^^^^^^^^^^^^^^^^^^^^^^^^^^^^^^^^
     |
    ::: /home/zzh/.cargo/registry/src/mirrors.aliyun.com-0671735e7cc7f5e7/num-traits-0.2.19/src/float.rs:2078:1
     |
2078 | float_impl_std!(f32 integer_decode_f32);
     | --------------------------------------- in this macro invocation
note: candidate #2 is defined in an impl of the trait `FloatCore` for the type `f32`
    --> /home/zzh/.cargo/registry/src/mirrors.aliyun.com-0671735e7cc7f5e7/num-traits-0.2.19/src/macros.rs:9:13
     |
   9 |               fn $method(self $( , $arg : $ty )* ) -> $ret {
     |               ^^^^^^^^^^^^^^^^^^^^^^^^^^^^^^^^^^^^^^^^^^^^
     |
    ::: /home/zzh/.cargo/registry/src/mirrors.aliyun.com-0671735e7cc7f5e7/num-traits-0.2.19/src/float.rs:836:5
     |
 836 | /     forward! {
 837 | |         Self::floor(self) -> Self;
 838 | |         Self::ceil(self) -> Self;
 839 | |         Self::round(self) -> Self;
...    |
 844 | |         Self::powi(self, n: i32) -> Self;
 845 | |     }
     | |_____- in this macro invocation
     = note: this error originates in the macro `forward` (in Nightly builds, run with -Z macro-backtrace for more info)

error[E0034]: multiple applicable items in scope
    --> /home/zzh/.cargo/registry/src/mirrors.aliyun.com-0671735e7cc7f5e7/num-traits-0.2.19/src/float.rs:839:15
     |
 839 |         Self::round(self) -> Self;
     |               ^^^^^ multiple `round` found
     |
    ::: /home/zzh/.cargo/registry/src/mirrors.aliyun.com-0671735e7cc7f5e7/num-traits-0.2.19/src/macros.rs:9:16
     |
   9 |             fn $method(self $( , $arg : $ty )* ) -> $ret {
     |                ------- due to this macro variable
     |
note: candidate #1 is defined in an impl of the trait `Float` for the type `f32`
    --> /home/zzh/.cargo/registry/src/mirrors.aliyun.com-0671735e7cc7f5e7/num-traits-0.2.19/src/macros.rs:9:13
     |
   9 |             fn $method(self $( , $arg : $ty )* ) -> $ret {
     |             ^^^^^^^^^^^^^^^^^^^^^^^^^^^^^^^^^^^^^^^^^^^^
     |
    ::: /home/zzh/.cargo/registry/src/mirrors.aliyun.com-0671735e7cc7f5e7/num-traits-0.2.19/src/float.rs:2078:1
     |
2078 | float_impl_std!(f32 integer_decode_f32);
     | --------------------------------------- in this macro invocation
note: candidate #2 is defined in an impl of the trait `FloatCore` for the type `f32`
    --> /home/zzh/.cargo/registry/src/mirrors.aliyun.com-0671735e7cc7f5e7/num-traits-0.2.19/src/macros.rs:9:13
     |
   9 |               fn $method(self $( , $arg : $ty )* ) -> $ret {
     |               ^^^^^^^^^^^^^^^^^^^^^^^^^^^^^^^^^^^^^^^^^^^^
     |
    ::: /home/zzh/.cargo/registry/src/mirrors.aliyun.com-0671735e7cc7f5e7/num-traits-0.2.19/src/float.rs:836:5
     |
 836 | /     forward! {
 837 | |         Self::floor(self) -> Self;
 838 | |         Self::ceil(self) -> Self;
 839 | |         Self::round(self) -> Self;
...    |
 844 | |         Self::powi(self, n: i32) -> Self;
 845 | |     }
     | |_____- in this macro invocation
     = note: this error originates in the macro `forward` (in Nightly builds, run with -Z macro-backtrace for more info)

error[E0034]: multiple applicable items in scope
    --> /home/zzh/.cargo/registry/src/mirrors.aliyun.com-0671735e7cc7f5e7/num-traits-0.2.19/src/float.rs:840:15
     |
 840 |         Self::trunc(self) -> Self;
     |               ^^^^^ multiple `trunc` found
     |
    ::: /home/zzh/.cargo/registry/src/mirrors.aliyun.com-0671735e7cc7f5e7/num-traits-0.2.19/src/macros.rs:9:16
     |
   9 |             fn $method(self $( , $arg : $ty )* ) -> $ret {
     |                ------- due to this macro variable
     |
note: candidate #1 is defined in an impl of the trait `Float` for the type `f32`
    --> /home/zzh/.cargo/registry/src/mirrors.aliyun.com-0671735e7cc7f5e7/num-traits-0.2.19/src/macros.rs:9:13
     |
   9 |             fn $method(self $( , $arg : $ty )* ) -> $ret {
     |             ^^^^^^^^^^^^^^^^^^^^^^^^^^^^^^^^^^^^^^^^^^^^
     |
    ::: /home/zzh/.cargo/registry/src/mirrors.aliyun.com-0671735e7cc7f5e7/num-traits-0.2.19/src/float.rs:2078:1
     |
2078 | float_impl_std!(f32 integer_decode_f32);
     | --------------------------------------- in this macro invocation
note: candidate #2 is defined in an impl of the trait `FloatCore` for the type `f32`
    --> /home/zzh/.cargo/registry/src/mirrors.aliyun.com-0671735e7cc7f5e7/num-traits-0.2.19/src/macros.rs:9:13
     |
   9 |               fn $method(self $( , $arg : $ty )* ) -> $ret {
     |               ^^^^^^^^^^^^^^^^^^^^^^^^^^^^^^^^^^^^^^^^^^^^
     |
    ::: /home/zzh/.cargo/registry/src/mirrors.aliyun.com-0671735e7cc7f5e7/num-traits-0.2.19/src/float.rs:836:5
     |
 836 | /     forward! {
 837 | |         Self::floor(self) -> Self;
 838 | |         Self::ceil(self) -> Self;
 839 | |         Self::round(self) -> Self;
...    |
 844 | |         Self::powi(self, n: i32) -> Self;
 845 | |     }
     | |_____- in this macro invocation
     = note: this error originates in the macro `forward` (in Nightly builds, run with -Z macro-backtrace for more info)

error[E0034]: multiple applicable items in scope
    --> /home/zzh/.cargo/registry/src/mirrors.aliyun.com-0671735e7cc7f5e7/num-traits-0.2.19/src/float.rs:841:15
     |
 841 |         Self::fract(self) -> Self;
     |               ^^^^^ multiple `fract` found
     |
    ::: /home/zzh/.cargo/registry/src/mirrors.aliyun.com-0671735e7cc7f5e7/num-traits-0.2.19/src/macros.rs:9:16
     |
   9 |             fn $method(self $( , $arg : $ty )* ) -> $ret {
     |                ------- due to this macro variable
     |
note: candidate #1 is defined in an impl of the trait `Float` for the type `f32`
    --> /home/zzh/.cargo/registry/src/mirrors.aliyun.com-0671735e7cc7f5e7/num-traits-0.2.19/src/macros.rs:9:13
     |
   9 |             fn $method(self $( , $arg : $ty )* ) -> $ret {
     |             ^^^^^^^^^^^^^^^^^^^^^^^^^^^^^^^^^^^^^^^^^^^^
     |
    ::: /home/zzh/.cargo/registry/src/mirrors.aliyun.com-0671735e7cc7f5e7/num-traits-0.2.19/src/float.rs:2078:1
     |
2078 | float_impl_std!(f32 integer_decode_f32);
     | --------------------------------------- in this macro invocation
note: candidate #2 is defined in an impl of the trait `FloatCore` for the type `f32`
    --> /home/zzh/.cargo/registry/src/mirrors.aliyun.com-0671735e7cc7f5e7/num-traits-0.2.19/src/macros.rs:9:13
     |
   9 |               fn $method(self $( , $arg : $ty )* ) -> $ret {
     |               ^^^^^^^^^^^^^^^^^^^^^^^^^^^^^^^^^^^^^^^^^^^^
     |
    ::: /home/zzh/.cargo/registry/src/mirrors.aliyun.com-0671735e7cc7f5e7/num-traits-0.2.19/src/float.rs:836:5
     |
 836 | /     forward! {
 837 | |         Self::floor(self) -> Self;
 838 | |         Self::ceil(self) -> Self;
 839 | |         Self::round(self) -> Self;
...    |
 844 | |         Self::powi(self, n: i32) -> Self;
 845 | |     }
     | |_____- in this macro invocation
     = note: this error originates in the macro `forward` (in Nightly builds, run with -Z macro-backtrace for more info)

error[E0034]: multiple applicable items in scope
    --> /home/zzh/.cargo/registry/src/mirrors.aliyun.com-0671735e7cc7f5e7/num-traits-0.2.19/src/float.rs:844:15
     |
 844 |         Self::powi(self, n: i32) -> Self;
     |               ^^^^ multiple `powi` found
     |
    ::: /home/zzh/.cargo/registry/src/mirrors.aliyun.com-0671735e7cc7f5e7/num-traits-0.2.19/src/macros.rs:9:16
     |
   9 |             fn $method(self $( , $arg : $ty )* ) -> $ret {
     |                ------- due to this macro variable
     |
note: candidate #1 is defined in an impl of the trait `Float` for the type `f32`
    --> /home/zzh/.cargo/registry/src/mirrors.aliyun.com-0671735e7cc7f5e7/num-traits-0.2.19/src/macros.rs:9:13
     |
   9 |             fn $method(self $( , $arg : $ty )* ) -> $ret {
     |             ^^^^^^^^^^^^^^^^^^^^^^^^^^^^^^^^^^^^^^^^^^^^
     |
    ::: /home/zzh/.cargo/registry/src/mirrors.aliyun.com-0671735e7cc7f5e7/num-traits-0.2.19/src/float.rs:2078:1
     |
2078 | float_impl_std!(f32 integer_decode_f32);
     | --------------------------------------- in this macro invocation
note: candidate #2 is defined in an impl of the trait `FloatCore` for the type `f32`
    --> /home/zzh/.cargo/registry/src/mirrors.aliyun.com-0671735e7cc7f5e7/num-traits-0.2.19/src/macros.rs:9:13
     |
   9 |               fn $method(self $( , $arg : $ty )* ) -> $ret {
     |               ^^^^^^^^^^^^^^^^^^^^^^^^^^^^^^^^^^^^^^^^^^^^
     |
    ::: /home/zzh/.cargo/registry/src/mirrors.aliyun.com-0671735e7cc7f5e7/num-traits-0.2.19/src/float.rs:836:5
     |
 836 | /     forward! {
 837 | |         Self::floor(self) -> Self;
 838 | |         Self::ceil(self) -> Self;
 839 | |         Self::round(self) -> Self;
...    |
 844 | |         Self::powi(self, n: i32) -> Self;
 845 | |     }
     | |_____- in this macro invocation
     = note: this error originates in the macro `forward` (in Nightly builds, run with -Z macro-backtrace for more info)

error[E0034]: multiple applicable items in scope
    --> /home/zzh/.cargo/registry/src/mirrors.aliyun.com-0671735e7cc7f5e7/num-traits-0.2.19/src/float.rs:899:15
     |
 899 |         Self::floor(self) -> Self;
     |               ^^^^^ multiple `floor` found
     |
    ::: /home/zzh/.cargo/registry/src/mirrors.aliyun.com-0671735e7cc7f5e7/num-traits-0.2.19/src/macros.rs:9:16
     |
   9 |             fn $method(self $( , $arg : $ty )* ) -> $ret {
     |                ------- due to this macro variable
     |
note: candidate #1 is defined in an impl of the trait `Float` for the type `f64`
    --> /home/zzh/.cargo/registry/src/mirrors.aliyun.com-0671735e7cc7f5e7/num-traits-0.2.19/src/macros.rs:9:13
     |
   9 |             fn $method(self $( , $arg : $ty )* ) -> $ret {
     |             ^^^^^^^^^^^^^^^^^^^^^^^^^^^^^^^^^^^^^^^^^^^^
     |
    ::: /home/zzh/.cargo/registry/src/mirrors.aliyun.com-0671735e7cc7f5e7/num-traits-0.2.19/src/float.rs:2080:1
     |
2080 | float_impl_std!(f64 integer_decode_f64);
     | --------------------------------------- in this macro invocation
note: candidate #2 is defined in an impl of the trait `FloatCore` for the type `f64`
    --> /home/zzh/.cargo/registry/src/mirrors.aliyun.com-0671735e7cc7f5e7/num-traits-0.2.19/src/macros.rs:9:13
     |
   9 |               fn $method(self $( , $arg : $ty )* ) -> $ret {
     |               ^^^^^^^^^^^^^^^^^^^^^^^^^^^^^^^^^^^^^^^^^^^^
     |
    ::: /home/zzh/.cargo/registry/src/mirrors.aliyun.com-0671735e7cc7f5e7/num-traits-0.2.19/src/float.rs:898:5
     |
 898 | /     forward! {
 899 | |         Self::floor(self) -> Self;
 900 | |         Self::ceil(self) -> Self;
 901 | |         Self::round(self) -> Self;
...    |
 906 | |         Self::powi(self, n: i32) -> Self;
 907 | |     }
     | |_____- in this macro invocation
     = note: this error originates in the macro `forward` (in Nightly builds, run with -Z macro-backtrace for more info)

error[E0034]: multiple applicable items in scope
    --> /home/zzh/.cargo/registry/src/mirrors.aliyun.com-0671735e7cc7f5e7/num-traits-0.2.19/src/float.rs:900:15
     |
 900 |         Self::ceil(self) -> Self;
     |               ^^^^ multiple `ceil` found
     |
    ::: /home/zzh/.cargo/registry/src/mirrors.aliyun.com-0671735e7cc7f5e7/num-traits-0.2.19/src/macros.rs:9:16
     |
   9 |             fn $method(self $( , $arg : $ty )* ) -> $ret {
     |                ------- due to this macro variable
     |
note: candidate #1 is defined in an impl of the trait `Float` for the type `f64`
    --> /home/zzh/.cargo/registry/src/mirrors.aliyun.com-0671735e7cc7f5e7/num-traits-0.2.19/src/macros.rs:9:13
     |
   9 |             fn $method(self $( , $arg : $ty )* ) -> $ret {
     |             ^^^^^^^^^^^^^^^^^^^^^^^^^^^^^^^^^^^^^^^^^^^^
     |
    ::: /home/zzh/.cargo/registry/src/mirrors.aliyun.com-0671735e7cc7f5e7/num-traits-0.2.19/src/float.rs:2080:1
     |
2080 | float_impl_std!(f64 integer_decode_f64);
     | --------------------------------------- in this macro invocation
note: candidate #2 is defined in an impl of the trait `FloatCore` for the type `f64`
    --> /home/zzh/.cargo/registry/src/mirrors.aliyun.com-0671735e7cc7f5e7/num-traits-0.2.19/src/macros.rs:9:13
     |
   9 |               fn $method(self $( , $arg : $ty )* ) -> $ret {
     |               ^^^^^^^^^^^^^^^^^^^^^^^^^^^^^^^^^^^^^^^^^^^^
     |
    ::: /home/zzh/.cargo/registry/src/mirrors.aliyun.com-0671735e7cc7f5e7/num-traits-0.2.19/src/float.rs:898:5
     |
 898 | /     forward! {
 899 | |         Self::floor(self) -> Self;
 900 | |         Self::ceil(self) -> Self;
 901 | |         Self::round(self) -> Self;
...    |
 906 | |         Self::powi(self, n: i32) -> Self;
 907 | |     }
     | |_____- in this macro invocation
     = note: this error originates in the macro `forward` (in Nightly builds, run with -Z macro-backtrace for more info)

error[E0034]: multiple applicable items in scope
    --> /home/zzh/.cargo/registry/src/mirrors.aliyun.com-0671735e7cc7f5e7/num-traits-0.2.19/src/float.rs:901:15
     |
 901 |         Self::round(self) -> Self;
     |               ^^^^^ multiple `round` found
     |
    ::: /home/zzh/.cargo/registry/src/mirrors.aliyun.com-0671735e7cc7f5e7/num-traits-0.2.19/src/macros.rs:9:16
     |
   9 |             fn $method(self $( , $arg : $ty )* ) -> $ret {
     |                ------- due to this macro variable
     |
note: candidate #1 is defined in an impl of the trait `Float` for the type `f64`
    --> /home/zzh/.cargo/registry/src/mirrors.aliyun.com-0671735e7cc7f5e7/num-traits-0.2.19/src/macros.rs:9:13
     |
   9 |             fn $method(self $( , $arg : $ty )* ) -> $ret {
     |             ^^^^^^^^^^^^^^^^^^^^^^^^^^^^^^^^^^^^^^^^^^^^
     |
    ::: /home/zzh/.cargo/registry/src/mirrors.aliyun.com-0671735e7cc7f5e7/num-traits-0.2.19/src/float.rs:2080:1
     |
2080 | float_impl_std!(f64 integer_decode_f64);
     | --------------------------------------- in this macro invocation
note: candidate #2 is defined in an impl of the trait `FloatCore` for the type `f64`
    --> /home/zzh/.cargo/registry/src/mirrors.aliyun.com-0671735e7cc7f5e7/num-traits-0.2.19/src/macros.rs:9:13
     |
   9 |               fn $method(self $( , $arg : $ty )* ) -> $ret {
     |               ^^^^^^^^^^^^^^^^^^^^^^^^^^^^^^^^^^^^^^^^^^^^
     |
    ::: /home/zzh/.cargo/registry/src/mirrors.aliyun.com-0671735e7cc7f5e7/num-traits-0.2.19/src/float.rs:898:5
     |
 898 | /     forward! {
 899 | |         Self::floor(self) -> Self;
 900 | |         Self::ceil(self) -> Self;
 901 | |         Self::round(self) -> Self;
...    |
 906 | |         Self::powi(self, n: i32) -> Self;
 907 | |     }
     | |_____- in this macro invocation
     = note: this error originates in the macro `forward` (in Nightly builds, run with -Z macro-backtrace for more info)

error[E0034]: multiple applicable items in scope
    --> /home/zzh/.cargo/registry/src/mirrors.aliyun.com-0671735e7cc7f5e7/num-traits-0.2.19/src/float.rs:902:15
     |
 902 |         Self::trunc(self) -> Self;
     |               ^^^^^ multiple `trunc` found
     |
    ::: /home/zzh/.cargo/registry/src/mirrors.aliyun.com-0671735e7cc7f5e7/num-traits-0.2.19/src/macros.rs:9:16
     |
   9 |             fn $method(self $( , $arg : $ty )* ) -> $ret {
     |                ------- due to this macro variable
     |
note: candidate #1 is defined in an impl of the trait `Float` for the type `f64`
    --> /home/zzh/.cargo/registry/src/mirrors.aliyun.com-0671735e7cc7f5e7/num-traits-0.2.19/src/macros.rs:9:13
     |
   9 |             fn $method(self $( , $arg : $ty )* ) -> $ret {
     |             ^^^^^^^^^^^^^^^^^^^^^^^^^^^^^^^^^^^^^^^^^^^^
     |
    ::: /home/zzh/.cargo/registry/src/mirrors.aliyun.com-0671735e7cc7f5e7/num-traits-0.2.19/src/float.rs:2080:1
     |
2080 | float_impl_std!(f64 integer_decode_f64);
     | --------------------------------------- in this macro invocation
note: candidate #2 is defined in an impl of the trait `FloatCore` for the type `f64`
    --> /home/zzh/.cargo/registry/src/mirrors.aliyun.com-0671735e7cc7f5e7/num-traits-0.2.19/src/macros.rs:9:13
     |
   9 |               fn $method(self $( , $arg : $ty )* ) -> $ret {
     |               ^^^^^^^^^^^^^^^^^^^^^^^^^^^^^^^^^^^^^^^^^^^^
     |
    ::: /home/zzh/.cargo/registry/src/mirrors.aliyun.com-0671735e7cc7f5e7/num-traits-0.2.19/src/float.rs:898:5
     |
 898 | /     forward! {
 899 | |         Self::floor(self) -> Self;
 900 | |         Self::ceil(self) -> Self;
 901 | |         Self::round(self) -> Self;
...    |
 906 | |         Self::powi(self, n: i32) -> Self;
 907 | |     }
     | |_____- in this macro invocation
     = note: this error originates in the macro `forward` (in Nightly builds, run with -Z macro-backtrace for more info)

error[E0034]: multiple applicable items in scope
    --> /home/zzh/.cargo/registry/src/mirrors.aliyun.com-0671735e7cc7f5e7/num-traits-0.2.19/src/float.rs:903:15
     |
 903 |         Self::fract(self) -> Self;
     |               ^^^^^ multiple `fract` found
     |
    ::: /home/zzh/.cargo/registry/src/mirrors.aliyun.com-0671735e7cc7f5e7/num-traits-0.2.19/src/macros.rs:9:16
     |
   9 |             fn $method(self $( , $arg : $ty )* ) -> $ret {
     |                ------- due to this macro variable
     |
note: candidate #1 is defined in an impl of the trait `Float` for the type `f64`
    --> /home/zzh/.cargo/registry/src/mirrors.aliyun.com-0671735e7cc7f5e7/num-traits-0.2.19/src/macros.rs:9:13
     |
   9 |             fn $method(self $( , $arg : $ty )* ) -> $ret {
     |             ^^^^^^^^^^^^^^^^^^^^^^^^^^^^^^^^^^^^^^^^^^^^
     |
    ::: /home/zzh/.cargo/registry/src/mirrors.aliyun.com-0671735e7cc7f5e7/num-traits-0.2.19/src/float.rs:2080:1
     |
2080 | float_impl_std!(f64 integer_decode_f64);
     | --------------------------------------- in this macro invocation
note: candidate #2 is defined in an impl of the trait `FloatCore` for the type `f64`
    --> /home/zzh/.cargo/registry/src/mirrors.aliyun.com-0671735e7cc7f5e7/num-traits-0.2.19/src/macros.rs:9:13
     |
   9 |               fn $method(self $( , $arg : $ty )* ) -> $ret {
     |               ^^^^^^^^^^^^^^^^^^^^^^^^^^^^^^^^^^^^^^^^^^^^
     |
    ::: /home/zzh/.cargo/registry/src/mirrors.aliyun.com-0671735e7cc7f5e7/num-traits-0.2.19/src/float.rs:898:5
     |
 898 | /     forward! {
 899 | |         Self::floor(self) -> Self;
 900 | |         Self::ceil(self) -> Self;
 901 | |         Self::round(self) -> Self;
...    |
 906 | |         Self::powi(self, n: i32) -> Self;
 907 | |     }
     | |_____- in this macro invocation
     = note: this error originates in the macro `forward` (in Nightly builds, run with -Z macro-backtrace for more info)

error[E0034]: multiple applicable items in scope
    --> /home/zzh/.cargo/registry/src/mirrors.aliyun.com-0671735e7cc7f5e7/num-traits-0.2.19/src/float.rs:906:15
     |
 906 |         Self::powi(self, n: i32) -> Self;
     |               ^^^^ multiple `powi` found
     |
    ::: /home/zzh/.cargo/registry/src/mirrors.aliyun.com-0671735e7cc7f5e7/num-traits-0.2.19/src/macros.rs:9:16
     |
   9 |             fn $method(self $( , $arg : $ty )* ) -> $ret {
     |                ------- due to this macro variable
     |
note: candidate #1 is defined in an impl of the trait `Float` for the type `f64`
    --> /home/zzh/.cargo/registry/src/mirrors.aliyun.com-0671735e7cc7f5e7/num-traits-0.2.19/src/macros.rs:9:13
     |
   9 |             fn $method(self $( , $arg : $ty )* ) -> $ret {
     |             ^^^^^^^^^^^^^^^^^^^^^^^^^^^^^^^^^^^^^^^^^^^^
     |
    ::: /home/zzh/.cargo/registry/src/mirrors.aliyun.com-0671735e7cc7f5e7/num-traits-0.2.19/src/float.rs:2080:1
     |
2080 | float_impl_std!(f64 integer_decode_f64);
     | --------------------------------------- in this macro invocation
note: candidate #2 is defined in an impl of the trait `FloatCore` for the type `f64`
    --> /home/zzh/.cargo/registry/src/mirrors.aliyun.com-0671735e7cc7f5e7/num-traits-0.2.19/src/macros.rs:9:13
     |
   9 |               fn $method(self $( , $arg : $ty )* ) -> $ret {
     |               ^^^^^^^^^^^^^^^^^^^^^^^^^^^^^^^^^^^^^^^^^^^^
     |
    ::: /home/zzh/.cargo/registry/src/mirrors.aliyun.com-0671735e7cc7f5e7/num-traits-0.2.19/src/float.rs:898:5
     |
 898 | /     forward! {
 899 | |         Self::floor(self) -> Self;
 900 | |         Self::ceil(self) -> Self;
 901 | |         Self::round(self) -> Self;
...    |
 906 | |         Self::powi(self, n: i32) -> Self;
 907 | |     }
     | |_____- in this macro invocation
     = note: this error originates in the macro `forward` (in Nightly builds, run with -Z macro-backtrace for more info)

error[E0034]: multiple applicable items in scope
    --> /home/zzh/.cargo/registry/src/mirrors.aliyun.com-0671735e7cc7f5e7/num-traits-0.2.19/src/float.rs:1948:23
     |
1948 |                 Self::floor(self) -> Self;
     |                       ^^^^^ multiple `floor` found
...
2078 | float_impl_std!(f32 integer_decode_f32);
     | --------------------------------------- in this macro invocation
     |
    ::: /home/zzh/.cargo/registry/src/mirrors.aliyun.com-0671735e7cc7f5e7/num-traits-0.2.19/src/macros.rs:9:16
     |
   9 |             fn $method(self $( , $arg : $ty )* ) -> $ret {
     |                ------- due to this macro variable
     |
note: candidate #1 is defined in an impl of the trait `Float` for the type `f32`
    --> /home/zzh/.cargo/registry/src/mirrors.aliyun.com-0671735e7cc7f5e7/num-traits-0.2.19/src/macros.rs:9:13
     |
   9 |             fn $method(self $( , $arg : $ty )* ) -> $ret {
     |             ^^^^^^^^^^^^^^^^^^^^^^^^^^^^^^^^^^^^^^^^^^^^
     |
    ::: /home/zzh/.cargo/registry/src/mirrors.aliyun.com-0671735e7cc7f5e7/num-traits-0.2.19/src/float.rs:2078:1
     |
2078 | float_impl_std!(f32 integer_decode_f32);
     | --------------------------------------- in this macro invocation
note: candidate #2 is defined in an impl of the trait `FloatCore` for the type `f32`
    --> /home/zzh/.cargo/registry/src/mirrors.aliyun.com-0671735e7cc7f5e7/num-traits-0.2.19/src/macros.rs:9:13
     |
   9 |               fn $method(self $( , $arg : $ty )* ) -> $ret {
     |               ^^^^^^^^^^^^^^^^^^^^^^^^^^^^^^^^^^^^^^^^^^^^
     |
    ::: /home/zzh/.cargo/registry/src/mirrors.aliyun.com-0671735e7cc7f5e7/num-traits-0.2.19/src/float.rs:836:5
     |
 836 | /     forward! {
 837 | |         Self::floor(self) -> Self;
 838 | |         Self::ceil(self) -> Self;
 839 | |         Self::round(self) -> Self;
...    |
 844 | |         Self::powi(self, n: i32) -> Self;
 845 | |     }
     | |_____- in this macro invocation
     = note: this error originates in the macro `float_impl_std` which comes from the expansion of the macro `forward` (in Nightly builds, run with -Z macro-backtrace for more info)

error[E0034]: multiple applicable items in scope
    --> /home/zzh/.cargo/registry/src/mirrors.aliyun.com-0671735e7cc7f5e7/num-traits-0.2.19/src/float.rs:1949:23
     |
1949 |                 Self::ceil(self) -> Self;
     |                       ^^^^ multiple `ceil` found
...
2078 | float_impl_std!(f32 integer_decode_f32);
     | --------------------------------------- in this macro invocation
     |
    ::: /home/zzh/.cargo/registry/src/mirrors.aliyun.com-0671735e7cc7f5e7/num-traits-0.2.19/src/macros.rs:9:16
     |
   9 |             fn $method(self $( , $arg : $ty )* ) -> $ret {
     |                ------- due to this macro variable
     |
note: candidate #1 is defined in an impl of the trait `Float` for the type `f32`
    --> /home/zzh/.cargo/registry/src/mirrors.aliyun.com-0671735e7cc7f5e7/num-traits-0.2.19/src/macros.rs:9:13
     |
   9 |             fn $method(self $( , $arg : $ty )* ) -> $ret {
     |             ^^^^^^^^^^^^^^^^^^^^^^^^^^^^^^^^^^^^^^^^^^^^
     |
    ::: /home/zzh/.cargo/registry/src/mirrors.aliyun.com-0671735e7cc7f5e7/num-traits-0.2.19/src/float.rs:2078:1
     |
2078 | float_impl_std!(f32 integer_decode_f32);
     | --------------------------------------- in this macro invocation
note: candidate #2 is defined in an impl of the trait `FloatCore` for the type `f32`
    --> /home/zzh/.cargo/registry/src/mirrors.aliyun.com-0671735e7cc7f5e7/num-traits-0.2.19/src/macros.rs:9:13
     |
   9 |               fn $method(self $( , $arg : $ty )* ) -> $ret {
     |               ^^^^^^^^^^^^^^^^^^^^^^^^^^^^^^^^^^^^^^^^^^^^
     |
    ::: /home/zzh/.cargo/registry/src/mirrors.aliyun.com-0671735e7cc7f5e7/num-traits-0.2.19/src/float.rs:836:5
     |
 836 | /     forward! {
 837 | |         Self::floor(self) -> Self;
 838 | |         Self::ceil(self) -> Self;
 839 | |         Self::round(self) -> Self;
...    |
 844 | |         Self::powi(self, n: i32) -> Self;
 845 | |     }
     | |_____- in this macro invocation
     = note: this error originates in the macro `float_impl_std` which comes from the expansion of the macro `forward` (in Nightly builds, run with -Z macro-backtrace for more info)

error[E0034]: multiple applicable items in scope
    --> /home/zzh/.cargo/registry/src/mirrors.aliyun.com-0671735e7cc7f5e7/num-traits-0.2.19/src/float.rs:1950:23
     |
1950 |                 Self::round(self) -> Self;
     |                       ^^^^^ multiple `round` found
...
2078 | float_impl_std!(f32 integer_decode_f32);
     | --------------------------------------- in this macro invocation
     |
    ::: /home/zzh/.cargo/registry/src/mirrors.aliyun.com-0671735e7cc7f5e7/num-traits-0.2.19/src/macros.rs:9:16
     |
   9 |             fn $method(self $( , $arg : $ty )* ) -> $ret {
     |                ------- due to this macro variable
     |
note: candidate #1 is defined in an impl of the trait `Float` for the type `f32`
    --> /home/zzh/.cargo/registry/src/mirrors.aliyun.com-0671735e7cc7f5e7/num-traits-0.2.19/src/macros.rs:9:13
     |
   9 |             fn $method(self $( , $arg : $ty )* ) -> $ret {
     |             ^^^^^^^^^^^^^^^^^^^^^^^^^^^^^^^^^^^^^^^^^^^^
     |
    ::: /home/zzh/.cargo/registry/src/mirrors.aliyun.com-0671735e7cc7f5e7/num-traits-0.2.19/src/float.rs:2078:1
     |
2078 | float_impl_std!(f32 integer_decode_f32);
     | --------------------------------------- in this macro invocation
note: candidate #2 is defined in an impl of the trait `FloatCore` for the type `f32`
    --> /home/zzh/.cargo/registry/src/mirrors.aliyun.com-0671735e7cc7f5e7/num-traits-0.2.19/src/macros.rs:9:13
     |
   9 |               fn $method(self $( , $arg : $ty )* ) -> $ret {
     |               ^^^^^^^^^^^^^^^^^^^^^^^^^^^^^^^^^^^^^^^^^^^^
     |
    ::: /home/zzh/.cargo/registry/src/mirrors.aliyun.com-0671735e7cc7f5e7/num-traits-0.2.19/src/float.rs:836:5
     |
 836 | /     forward! {
 837 | |         Self::floor(self) -> Self;
 838 | |         Self::ceil(self) -> Self;
 839 | |         Self::round(self) -> Self;
...    |
 844 | |         Self::powi(self, n: i32) -> Self;
 845 | |     }
     | |_____- in this macro invocation
     = note: this error originates in the macro `float_impl_std` which comes from the expansion of the macro `forward` (in Nightly builds, run with -Z macro-backtrace for more info)

error[E0034]: multiple applicable items in scope
    --> /home/zzh/.cargo/registry/src/mirrors.aliyun.com-0671735e7cc7f5e7/num-traits-0.2.19/src/float.rs:1951:23
     |
1951 |                 Self::trunc(self) -> Self;
     |                       ^^^^^ multiple `trunc` found
...
2078 | float_impl_std!(f32 integer_decode_f32);
     | --------------------------------------- in this macro invocation
     |
    ::: /home/zzh/.cargo/registry/src/mirrors.aliyun.com-0671735e7cc7f5e7/num-traits-0.2.19/src/macros.rs:9:16
     |
   9 |             fn $method(self $( , $arg : $ty )* ) -> $ret {
     |                ------- due to this macro variable
     |
note: candidate #1 is defined in an impl of the trait `Float` for the type `f32`
    --> /home/zzh/.cargo/registry/src/mirrors.aliyun.com-0671735e7cc7f5e7/num-traits-0.2.19/src/macros.rs:9:13
     |
   9 |             fn $method(self $( , $arg : $ty )* ) -> $ret {
     |             ^^^^^^^^^^^^^^^^^^^^^^^^^^^^^^^^^^^^^^^^^^^^
     |
    ::: /home/zzh/.cargo/registry/src/mirrors.aliyun.com-0671735e7cc7f5e7/num-traits-0.2.19/src/float.rs:2078:1
     |
2078 | float_impl_std!(f32 integer_decode_f32);
     | --------------------------------------- in this macro invocation
note: candidate #2 is defined in an impl of the trait `FloatCore` for the type `f32`
    --> /home/zzh/.cargo/registry/src/mirrors.aliyun.com-0671735e7cc7f5e7/num-traits-0.2.19/src/macros.rs:9:13
     |
   9 |               fn $method(self $( , $arg : $ty )* ) -> $ret {
     |               ^^^^^^^^^^^^^^^^^^^^^^^^^^^^^^^^^^^^^^^^^^^^
     |
    ::: /home/zzh/.cargo/registry/src/mirrors.aliyun.com-0671735e7cc7f5e7/num-traits-0.2.19/src/float.rs:836:5
     |
 836 | /     forward! {
 837 | |         Self::floor(self) -> Self;
 838 | |         Self::ceil(self) -> Self;
 839 | |         Self::round(self) -> Self;
...    |
 844 | |         Self::powi(self, n: i32) -> Self;
 845 | |     }
     | |_____- in this macro invocation
     = note: this error originates in the macro `float_impl_std` which comes from the expansion of the macro `forward` (in Nightly builds, run with -Z macro-backtrace for more info)

error[E0034]: multiple applicable items in scope
    --> /home/zzh/.cargo/registry/src/mirrors.aliyun.com-0671735e7cc7f5e7/num-traits-0.2.19/src/float.rs:1952:23
     |
1952 |                 Self::fract(self) -> Self;
     |                       ^^^^^ multiple `fract` found
...
2078 | float_impl_std!(f32 integer_decode_f32);
     | --------------------------------------- in this macro invocation
     |
    ::: /home/zzh/.cargo/registry/src/mirrors.aliyun.com-0671735e7cc7f5e7/num-traits-0.2.19/src/macros.rs:9:16
     |
   9 |             fn $method(self $( , $arg : $ty )* ) -> $ret {
     |                ------- due to this macro variable
     |
note: candidate #1 is defined in an impl of the trait `Float` for the type `f32`
    --> /home/zzh/.cargo/registry/src/mirrors.aliyun.com-0671735e7cc7f5e7/num-traits-0.2.19/src/macros.rs:9:13
     |
   9 |             fn $method(self $( , $arg : $ty )* ) -> $ret {
     |             ^^^^^^^^^^^^^^^^^^^^^^^^^^^^^^^^^^^^^^^^^^^^
     |
    ::: /home/zzh/.cargo/registry/src/mirrors.aliyun.com-0671735e7cc7f5e7/num-traits-0.2.19/src/float.rs:2078:1
     |
2078 | float_impl_std!(f32 integer_decode_f32);
     | --------------------------------------- in this macro invocation
note: candidate #2 is defined in an impl of the trait `FloatCore` for the type `f32`
    --> /home/zzh/.cargo/registry/src/mirrors.aliyun.com-0671735e7cc7f5e7/num-traits-0.2.19/src/macros.rs:9:13
     |
   9 |               fn $method(self $( , $arg : $ty )* ) -> $ret {
     |               ^^^^^^^^^^^^^^^^^^^^^^^^^^^^^^^^^^^^^^^^^^^^
     |
    ::: /home/zzh/.cargo/registry/src/mirrors.aliyun.com-0671735e7cc7f5e7/num-traits-0.2.19/src/float.rs:836:5
     |
 836 | /     forward! {
 837 | |         Self::floor(self) -> Self;
 838 | |         Self::ceil(self) -> Self;
 839 | |         Self::round(self) -> Self;
...    |
 844 | |         Self::powi(self, n: i32) -> Self;
 845 | |     }
     | |_____- in this macro invocation
     = note: this error originates in the macro `float_impl_std` which comes from the expansion of the macro `forward` (in Nightly builds, run with -Z macro-backtrace for more info)

error[E0034]: multiple applicable items in scope
    --> /home/zzh/.cargo/registry/src/mirrors.aliyun.com-0671735e7cc7f5e7/num-traits-0.2.19/src/float.rs:1959:23
     |
1959 |                 Self::powi(self, n: i32) -> Self;
     |                       ^^^^ multiple `powi` found
...
2078 | float_impl_std!(f32 integer_decode_f32);
     | --------------------------------------- in this macro invocation
     |
    ::: /home/zzh/.cargo/registry/src/mirrors.aliyun.com-0671735e7cc7f5e7/num-traits-0.2.19/src/macros.rs:9:16
     |
   9 |             fn $method(self $( , $arg : $ty )* ) -> $ret {
     |                ------- due to this macro variable
     |
note: candidate #1 is defined in an impl of the trait `Float` for the type `f32`
    --> /home/zzh/.cargo/registry/src/mirrors.aliyun.com-0671735e7cc7f5e7/num-traits-0.2.19/src/macros.rs:9:13
     |
   9 |             fn $method(self $( , $arg : $ty )* ) -> $ret {
     |             ^^^^^^^^^^^^^^^^^^^^^^^^^^^^^^^^^^^^^^^^^^^^
     |
    ::: /home/zzh/.cargo/registry/src/mirrors.aliyun.com-0671735e7cc7f5e7/num-traits-0.2.19/src/float.rs:2078:1
     |
2078 | float_impl_std!(f32 integer_decode_f32);
     | --------------------------------------- in this macro invocation
note: candidate #2 is defined in an impl of the trait `FloatCore` for the type `f32`
    --> /home/zzh/.cargo/registry/src/mirrors.aliyun.com-0671735e7cc7f5e7/num-traits-0.2.19/src/macros.rs:9:13
     |
   9 |               fn $method(self $( , $arg : $ty )* ) -> $ret {
     |               ^^^^^^^^^^^^^^^^^^^^^^^^^^^^^^^^^^^^^^^^^^^^
     |
    ::: /home/zzh/.cargo/registry/src/mirrors.aliyun.com-0671735e7cc7f5e7/num-traits-0.2.19/src/float.rs:836:5
     |
 836 | /     forward! {
 837 | |         Self::floor(self) -> Self;
 838 | |         Self::ceil(self) -> Self;
 839 | |         Self::round(self) -> Self;
...    |
 844 | |         Self::powi(self, n: i32) -> Self;
 845 | |     }
     | |_____- in this macro invocation
     = note: this error originates in the macro `float_impl_std` which comes from the expansion of the macro `forward` (in Nightly builds, run with -Z macro-backtrace for more info)

error[E0034]: multiple applicable items in scope
    --> /home/zzh/.cargo/registry/src/mirrors.aliyun.com-0671735e7cc7f5e7/num-traits-0.2.19/src/float.rs:1948:23
     |
1948 |                 Self::floor(self) -> Self;
     |                       ^^^^^ multiple `floor` found
...
2080 | float_impl_std!(f64 integer_decode_f64);
     | --------------------------------------- in this macro invocation
     |
    ::: /home/zzh/.cargo/registry/src/mirrors.aliyun.com-0671735e7cc7f5e7/num-traits-0.2.19/src/macros.rs:9:16
     |
   9 |             fn $method(self $( , $arg : $ty )* ) -> $ret {
     |                ------- due to this macro variable
     |
note: candidate #1 is defined in an impl of the trait `Float` for the type `f64`
    --> /home/zzh/.cargo/registry/src/mirrors.aliyun.com-0671735e7cc7f5e7/num-traits-0.2.19/src/macros.rs:9:13
     |
   9 |             fn $method(self $( , $arg : $ty )* ) -> $ret {
     |             ^^^^^^^^^^^^^^^^^^^^^^^^^^^^^^^^^^^^^^^^^^^^
     |
    ::: /home/zzh/.cargo/registry/src/mirrors.aliyun.com-0671735e7cc7f5e7/num-traits-0.2.19/src/float.rs:2080:1
     |
2080 | float_impl_std!(f64 integer_decode_f64);
     | --------------------------------------- in this macro invocation
note: candidate #2 is defined in an impl of the trait `FloatCore` for the type `f64`
    --> /home/zzh/.cargo/registry/src/mirrors.aliyun.com-0671735e7cc7f5e7/num-traits-0.2.19/src/macros.rs:9:13
     |
   9 |               fn $method(self $( , $arg : $ty )* ) -> $ret {
     |               ^^^^^^^^^^^^^^^^^^^^^^^^^^^^^^^^^^^^^^^^^^^^
     |
    ::: /home/zzh/.cargo/registry/src/mirrors.aliyun.com-0671735e7cc7f5e7/num-traits-0.2.19/src/float.rs:898:5
     |
 898 | /     forward! {
 899 | |         Self::floor(self) -> Self;
 900 | |         Self::ceil(self) -> Self;
 901 | |         Self::round(self) -> Self;
...    |
 906 | |         Self::powi(self, n: i32) -> Self;
 907 | |     }
     | |_____- in this macro invocation
     = note: this error originates in the macro `float_impl_std` which comes from the expansion of the macro `forward` (in Nightly builds, run with -Z macro-backtrace for more info)

error[E0034]: multiple applicable items in scope
    --> /home/zzh/.cargo/registry/src/mirrors.aliyun.com-0671735e7cc7f5e7/num-traits-0.2.19/src/float.rs:1949:23
     |
1949 |                 Self::ceil(self) -> Self;
     |                       ^^^^ multiple `ceil` found
...
2080 | float_impl_std!(f64 integer_decode_f64);
     | --------------------------------------- in this macro invocation
     |
    ::: /home/zzh/.cargo/registry/src/mirrors.aliyun.com-0671735e7cc7f5e7/num-traits-0.2.19/src/macros.rs:9:16
     |
   9 |             fn $method(self $( , $arg : $ty )* ) -> $ret {
     |                ------- due to this macro variable
     |
note: candidate #1 is defined in an impl of the trait `Float` for the type `f64`
    --> /home/zzh/.cargo/registry/src/mirrors.aliyun.com-0671735e7cc7f5e7/num-traits-0.2.19/src/macros.rs:9:13
     |
   9 |             fn $method(self $( , $arg : $ty )* ) -> $ret {
     |             ^^^^^^^^^^^^^^^^^^^^^^^^^^^^^^^^^^^^^^^^^^^^
     |
    ::: /home/zzh/.cargo/registry/src/mirrors.aliyun.com-0671735e7cc7f5e7/num-traits-0.2.19/src/float.rs:2080:1
     |
2080 | float_impl_std!(f64 integer_decode_f64);
     | --------------------------------------- in this macro invocation
note: candidate #2 is defined in an impl of the trait `FloatCore` for the type `f64`
    --> /home/zzh/.cargo/registry/src/mirrors.aliyun.com-0671735e7cc7f5e7/num-traits-0.2.19/src/macros.rs:9:13
     |
   9 |               fn $method(self $( , $arg : $ty )* ) -> $ret {
     |               ^^^^^^^^^^^^^^^^^^^^^^^^^^^^^^^^^^^^^^^^^^^^
     |
    ::: /home/zzh/.cargo/registry/src/mirrors.aliyun.com-0671735e7cc7f5e7/num-traits-0.2.19/src/float.rs:898:5
     |
 898 | /     forward! {
 899 | |         Self::floor(self) -> Self;
 900 | |         Self::ceil(self) -> Self;
 901 | |         Self::round(self) -> Self;
...    |
 906 | |         Self::powi(self, n: i32) -> Self;
 907 | |     }
     | |_____- in this macro invocation
     = note: this error originates in the macro `float_impl_std` which comes from the expansion of the macro `forward` (in Nightly builds, run with -Z macro-backtrace for more info)

error[E0034]: multiple applicable items in scope
    --> /home/zzh/.cargo/registry/src/mirrors.aliyun.com-0671735e7cc7f5e7/num-traits-0.2.19/src/float.rs:1950:23
     |
1950 |                 Self::round(self) -> Self;
     |                       ^^^^^ multiple `round` found
...
2080 | float_impl_std!(f64 integer_decode_f64);
     | --------------------------------------- in this macro invocation
     |
    ::: /home/zzh/.cargo/registry/src/mirrors.aliyun.com-0671735e7cc7f5e7/num-traits-0.2.19/src/macros.rs:9:16
     |
   9 |             fn $method(self $( , $arg : $ty )* ) -> $ret {
     |                ------- due to this macro variable
     |
note: candidate #1 is defined in an impl of the trait `Float` for the type `f64`
    --> /home/zzh/.cargo/registry/src/mirrors.aliyun.com-0671735e7cc7f5e7/num-traits-0.2.19/src/macros.rs:9:13
     |
   9 |             fn $method(self $( , $arg : $ty )* ) -> $ret {
     |             ^^^^^^^^^^^^^^^^^^^^^^^^^^^^^^^^^^^^^^^^^^^^
     |
    ::: /home/zzh/.cargo/registry/src/mirrors.aliyun.com-0671735e7cc7f5e7/num-traits-0.2.19/src/float.rs:2080:1
     |
2080 | float_impl_std!(f64 integer_decode_f64);
     | --------------------------------------- in this macro invocation
note: candidate #2 is defined in an impl of the trait `FloatCore` for the type `f64`
    --> /home/zzh/.cargo/registry/src/mirrors.aliyun.com-0671735e7cc7f5e7/num-traits-0.2.19/src/macros.rs:9:13
     |
   9 |               fn $method(self $( , $arg : $ty )* ) -> $ret {
     |               ^^^^^^^^^^^^^^^^^^^^^^^^^^^^^^^^^^^^^^^^^^^^
     |
    ::: /home/zzh/.cargo/registry/src/mirrors.aliyun.com-0671735e7cc7f5e7/num-traits-0.2.19/src/float.rs:898:5
     |
 898 | /     forward! {
 899 | |         Self::floor(self) -> Self;
 900 | |         Self::ceil(self) -> Self;
 901 | |         Self::round(self) -> Self;
...    |
 906 | |         Self::powi(self, n: i32) -> Self;
 907 | |     }
     | |_____- in this macro invocation
     = note: this error originates in the macro `float_impl_std` which comes from the expansion of the macro `forward` (in Nightly builds, run with -Z macro-backtrace for more info)

error[E0034]: multiple applicable items in scope
    --> /home/zzh/.cargo/registry/src/mirrors.aliyun.com-0671735e7cc7f5e7/num-traits-0.2.19/src/float.rs:1951:23
     |
1951 |                 Self::trunc(self) -> Self;
     |                       ^^^^^ multiple `trunc` found
...
2080 | float_impl_std!(f64 integer_decode_f64);
     | --------------------------------------- in this macro invocation
     |
    ::: /home/zzh/.cargo/registry/src/mirrors.aliyun.com-0671735e7cc7f5e7/num-traits-0.2.19/src/macros.rs:9:16
     |
   9 |             fn $method(self $( , $arg : $ty )* ) -> $ret {
     |                ------- due to this macro variable
     |
note: candidate #1 is defined in an impl of the trait `Float` for the type `f64`
    --> /home/zzh/.cargo/registry/src/mirrors.aliyun.com-0671735e7cc7f5e7/num-traits-0.2.19/src/macros.rs:9:13
     |
   9 |             fn $method(self $( , $arg : $ty )* ) -> $ret {
     |             ^^^^^^^^^^^^^^^^^^^^^^^^^^^^^^^^^^^^^^^^^^^^
     |
    ::: /home/zzh/.cargo/registry/src/mirrors.aliyun.com-0671735e7cc7f5e7/num-traits-0.2.19/src/float.rs:2080:1
     |
2080 | float_impl_std!(f64 integer_decode_f64);
     | --------------------------------------- in this macro invocation
note: candidate #2 is defined in an impl of the trait `FloatCore` for the type `f64`
    --> /home/zzh/.cargo/registry/src/mirrors.aliyun.com-0671735e7cc7f5e7/num-traits-0.2.19/src/macros.rs:9:13
     |
   9 |               fn $method(self $( , $arg : $ty )* ) -> $ret {
     |               ^^^^^^^^^^^^^^^^^^^^^^^^^^^^^^^^^^^^^^^^^^^^
     |
    ::: /home/zzh/.cargo/registry/src/mirrors.aliyun.com-0671735e7cc7f5e7/num-traits-0.2.19/src/float.rs:898:5
     |
 898 | /     forward! {
 899 | |         Self::floor(self) -> Self;
 900 | |         Self::ceil(self) -> Self;
 901 | |         Self::round(self) -> Self;
...    |
 906 | |         Self::powi(self, n: i32) -> Self;
 907 | |     }
     | |_____- in this macro invocation
     = note: this error originates in the macro `float_impl_std` which comes from the expansion of the macro `forward` (in Nightly builds, run with -Z macro-backtrace for more info)

error[E0034]: multiple applicable items in scope
    --> /home/zzh/.cargo/registry/src/mirrors.aliyun.com-0671735e7cc7f5e7/num-traits-0.2.19/src/float.rs:1952:23
     |
1952 |                 Self::fract(self) -> Self;
     |                       ^^^^^ multiple `fract` found
...
2080 | float_impl_std!(f64 integer_decode_f64);
     | --------------------------------------- in this macro invocation
     |
    ::: /home/zzh/.cargo/registry/src/mirrors.aliyun.com-0671735e7cc7f5e7/num-traits-0.2.19/src/macros.rs:9:16
     |
   9 |             fn $method(self $( , $arg : $ty )* ) -> $ret {
     |                ------- due to this macro variable
     |
note: candidate #1 is defined in an impl of the trait `Float` for the type `f64`
    --> /home/zzh/.cargo/registry/src/mirrors.aliyun.com-0671735e7cc7f5e7/num-traits-0.2.19/src/macros.rs:9:13
     |
   9 |             fn $method(self $( , $arg : $ty )* ) -> $ret {
     |             ^^^^^^^^^^^^^^^^^^^^^^^^^^^^^^^^^^^^^^^^^^^^
     |
    ::: /home/zzh/.cargo/registry/src/mirrors.aliyun.com-0671735e7cc7f5e7/num-traits-0.2.19/src/float.rs:2080:1
     |
2080 | float_impl_std!(f64 integer_decode_f64);
     | --------------------------------------- in this macro invocation
note: candidate #2 is defined in an impl of the trait `FloatCore` for the type `f64`
    --> /home/zzh/.cargo/registry/src/mirrors.aliyun.com-0671735e7cc7f5e7/num-traits-0.2.19/src/macros.rs:9:13
     |
   9 |               fn $method(self $( , $arg : $ty )* ) -> $ret {
     |               ^^^^^^^^^^^^^^^^^^^^^^^^^^^^^^^^^^^^^^^^^^^^
     |
    ::: /home/zzh/.cargo/registry/src/mirrors.aliyun.com-0671735e7cc7f5e7/num-traits-0.2.19/src/float.rs:898:5
     |
 898 | /     forward! {
 899 | |         Self::floor(self) -> Self;
 900 | |         Self::ceil(self) -> Self;
 901 | |         Self::round(self) -> Self;
...    |
 906 | |         Self::powi(self, n: i32) -> Self;
 907 | |     }
     | |_____- in this macro invocation
     = note: this error originates in the macro `float_impl_std` which comes from the expansion of the macro `forward` (in Nightly builds, run with -Z macro-backtrace for more info)

error[E0034]: multiple applicable items in scope
    --> /home/zzh/.cargo/registry/src/mirrors.aliyun.com-0671735e7cc7f5e7/num-traits-0.2.19/src/float.rs:1959:23
     |
1959 |                 Self::powi(self, n: i32) -> Self;
     |                       ^^^^ multiple `powi` found
...
2080 | float_impl_std!(f64 integer_decode_f64);
     | --------------------------------------- in this macro invocation
     |
    ::: /home/zzh/.cargo/registry/src/mirrors.aliyun.com-0671735e7cc7f5e7/num-traits-0.2.19/src/macros.rs:9:16
     |
   9 |             fn $method(self $( , $arg : $ty )* ) -> $ret {
     |                ------- due to this macro variable
     |
note: candidate #1 is defined in an impl of the trait `Float` for the type `f64`
    --> /home/zzh/.cargo/registry/src/mirrors.aliyun.com-0671735e7cc7f5e7/num-traits-0.2.19/src/macros.rs:9:13
     |
   9 |             fn $method(self $( , $arg : $ty )* ) -> $ret {
     |             ^^^^^^^^^^^^^^^^^^^^^^^^^^^^^^^^^^^^^^^^^^^^
     |
    ::: /home/zzh/.cargo/registry/src/mirrors.aliyun.com-0671735e7cc7f5e7/num-traits-0.2.19/src/float.rs:2080:1
     |
2080 | float_impl_std!(f64 integer_decode_f64);
     | --------------------------------------- in this macro invocation
note: candidate #2 is defined in an impl of the trait `FloatCore` for the type `f64`
    --> /home/zzh/.cargo/registry/src/mirrors.aliyun.com-0671735e7cc7f5e7/num-traits-0.2.19/src/macros.rs:9:13
     |
   9 |               fn $method(self $( , $arg : $ty )* ) -> $ret {
     |               ^^^^^^^^^^^^^^^^^^^^^^^^^^^^^^^^^^^^^^^^^^^^
     |
    ::: /home/zzh/.cargo/registry/src/mirrors.aliyun.com-0671735e7cc7f5e7/num-traits-0.2.19/src/float.rs:898:5
     |
 898 | /     forward! {
 899 | |         Self::floor(self) -> Self;
 900 | |         Self::ceil(self) -> Self;
 901 | |         Self::round(self) -> Self;
...    |
 906 | |         Self::powi(self, n: i32) -> Self;
 907 | |     }
     | |_____- in this macro invocation
     = note: this error originates in the macro `float_impl_std` which comes from the expansion of the macro `forward` (in Nightly builds, run with -Z macro-backtrace for more info)

error[E0308]: arguments to this function are incorrect
  --> /home/zzh/.cargo/registry/src/mirrors.aliyun.com-0671735e7cc7f5e7/num-traits-0.2.19/src/ops/euclid.rs:77:17
   |
77 |                 <$t>::div_euclid(*self, *v)
   |                 ^^^^^^^^^^^^^^^^ -----  -- expected `&f32`, found `f32`
   |                                  |
   |                                  expected `&f32`, found `f32`
...
92 | euclid_forward_impl!(f32 f64);
   | ----------------------------- in this macro invocation
   |
note: method defined here
  --> /home/zzh/.cargo/registry/src/mirrors.aliyun.com-0671735e7cc7f5e7/num-traits-0.2.19/src/ops/euclid.rs:23:8
   |
23 |     fn div_euclid(&self, v: &Self) -> Self;
   |        ^^^^^^^^^^  ----  -
   = note: this error originates in the macro `euclid_forward_impl` (in Nightly builds, run with -Z macro-backtrace for more info)
help: consider removing deref here
   |
77 -                 <$t>::div_euclid(*self, *v)
77 +                 <$t>::div_euclid(self, *v)
   |
help: consider removing deref here
   |
77 -                 <$t>::div_euclid(*self, *v)
77 +                 <$t>::div_euclid(*self, v)
   |

error[E0308]: arguments to this function are incorrect
  --> /home/zzh/.cargo/registry/src/mirrors.aliyun.com-0671735e7cc7f5e7/num-traits-0.2.19/src/ops/euclid.rs:82:17
   |
82 |                 <$t>::rem_euclid(*self, *v)
   |                 ^^^^^^^^^^^^^^^^ -----  -- expected `&f32`, found `f32`
   |                                  |
   |                                  expected `&f32`, found `f32`
...
92 | euclid_forward_impl!(f32 f64);
   | ----------------------------- in this macro invocation
   |
note: method defined here
  --> /home/zzh/.cargo/registry/src/mirrors.aliyun.com-0671735e7cc7f5e7/num-traits-0.2.19/src/ops/euclid.rs:48:8
   |
48 |     fn rem_euclid(&self, v: &Self) -> Self;
   |        ^^^^^^^^^^  ----  -
   = note: this error originates in the macro `euclid_forward_impl` (in Nightly builds, run with -Z macro-backtrace for more info)
help: consider removing deref here
   |
82 -                 <$t>::rem_euclid(*self, *v)
82 +                 <$t>::rem_euclid(self, *v)
   |
help: consider removing deref here
   |
82 -                 <$t>::rem_euclid(*self, *v)
82 +                 <$t>::rem_euclid(*self, v)
   |

error[E0308]: arguments to this function are incorrect
  --> /home/zzh/.cargo/registry/src/mirrors.aliyun.com-0671735e7cc7f5e7/num-traits-0.2.19/src/ops/euclid.rs:77:17
   |
77 |                 <$t>::div_euclid(*self, *v)
   |                 ^^^^^^^^^^^^^^^^ -----  -- expected `&f64`, found `f64`
   |                                  |
   |                                  expected `&f64`, found `f64`
...
92 | euclid_forward_impl!(f32 f64);
   | ----------------------------- in this macro invocation
   |
note: method defined here
  --> /home/zzh/.cargo/registry/src/mirrors.aliyun.com-0671735e7cc7f5e7/num-traits-0.2.19/src/ops/euclid.rs:23:8
   |
23 |     fn div_euclid(&self, v: &Self) -> Self;
   |        ^^^^^^^^^^  ----  -
   = note: this error originates in the macro `euclid_forward_impl` (in Nightly builds, run with -Z macro-backtrace for more info)
help: consider removing deref here
   |
77 -                 <$t>::div_euclid(*self, *v)
77 +                 <$t>::div_euclid(self, *v)
   |
help: consider removing deref here
   |
77 -                 <$t>::div_euclid(*self, *v)
77 +                 <$t>::div_euclid(*self, v)
   |

error[E0308]: arguments to this function are incorrect
  --> /home/zzh/.cargo/registry/src/mirrors.aliyun.com-0671735e7cc7f5e7/num-traits-0.2.19/src/ops/euclid.rs:82:17
   |
82 |                 <$t>::rem_euclid(*self, *v)
   |                 ^^^^^^^^^^^^^^^^ -----  -- expected `&f64`, found `f64`
   |                                  |
   |                                  expected `&f64`, found `f64`
...
92 | euclid_forward_impl!(f32 f64);
   | ----------------------------- in this macro invocation
   |
note: method defined here
  --> /home/zzh/.cargo/registry/src/mirrors.aliyun.com-0671735e7cc7f5e7/num-traits-0.2.19/src/ops/euclid.rs:48:8
   |
48 |     fn rem_euclid(&self, v: &Self) -> Self;
   |        ^^^^^^^^^^  ----  -
   = note: this error originates in the macro `euclid_forward_impl` (in Nightly builds, run with -Z macro-backtrace for more info)
help: consider removing deref here
   |
82 -                 <$t>::rem_euclid(*self, *v)
82 +                 <$t>::rem_euclid(self, *v)
   |
help: consider removing deref here
   |
82 -                 <$t>::rem_euclid(*self, *v)
82 +                 <$t>::rem_euclid(*self, v)
   |

Some errors have detailed explanations: E0034, E0308, E0463.
For more information about an error, try `rustc --explain E0034`.
error: could not compile `num-traits` (lib) due to 29 previous errors
